<?xml version="1.0" encoding="utf-8"?>
<CoverageSession xmlns:xsd="http://www.w3.org/2001/XMLSchema" xmlns:xsi="http://www.w3.org/2001/XMLSchema-instance" Version="0.0.0.0">
  <Summary numSequencePoints="2677" visitedSequencePoints="2150" numBranchPoints="0" visitedBranchPoints="0" sequenceCoverage="80.31" branchCoverage="0.0" maxCyclomaticComplexity="0" minCyclomaticComplexity="0" maxCrapScore="0" minCrapScore="0" visitedClasses="114" numClasses="122" visitedMethods="308" numMethods="326" />
  <Modules>
    <Module>
      <Summary numSequencePoints="380" visitedSequencePoints="84" numBranchPoints="0" visitedBranchPoints="0" sequenceCoverage="22.11" branchCoverage="0.0" maxCyclomaticComplexity="0" minCyclomaticComplexity="0" maxCrapScore="0" minCrapScore="0" visitedClasses="4" numClasses="12" visitedMethods="10" numMethods="28" />
      <ModuleTime>0001-01-01T00:00:00</ModuleTime>
      <ModuleName>Demo.Test.Scripts</ModuleName>
      <Files>
        <File uid="1" fullPath="C:/Users/ASUS/Documents/Nguyễn Ngọc Tâm/HỌC TẬP/FPT/HỌC KÌ SPRING 2026/BLOCK 2/3D/DỰ ÁN/LastDay/Assets/LAST DAYS/__KHOA/Flooded_Grounds/PostProcessing/Utilities/CustomMotionTexture/ExampleWheelController.cs" />
        <File uid="2" fullPath="C:/Users/ASUS/Documents/Nguyễn Ngọc Tâm/HỌC TẬP/FPT/HỌC KÌ SPRING 2026/BLOCK 2/3D/DỰ ÁN/LastDay/Assets/LAST DAYS/__KHOA/Flooded_Grounds/Scripts/DisableRenderer.cs" />
        <File uid="3" fullPath="C:/Users/ASUS/Documents/Nguyễn Ngọc Tâm/HỌC TẬP/FPT/HỌC KÌ SPRING 2026/BLOCK 2/3D/DỰ ÁN/LastDay/Assets/LAST DAYS/__KHOA/Flooded_Grounds/Scripts/FPSController/CharController_Motor.cs" />
        <File uid="4" fullPath="C:/Users/ASUS/Documents/Nguyễn Ngọc Tâm/HỌC TẬP/FPT/HỌC KÌ SPRING 2026/BLOCK 2/3D/DỰ ÁN/LastDay/Assets/LAST DAYS/__KHOA/Flooded_Grounds/Scripts/FPSDisplay.cs" />
        <File uid="5" fullPath="C:/Users/ASUS/Documents/Nguyễn Ngọc Tâm/HỌC TẬP/FPT/HỌC KÌ SPRING 2026/BLOCK 2/3D/DỰ ÁN/LastDay/Assets/LAST DAYS/__KHOA/Flooded_Grounds/Scripts/WaterFloat.cs" />
        <File uid="6" fullPath="C:/Users/ASUS/Documents/Nguyễn Ngọc Tâm/HỌC TẬP/FPT/HỌC KÌ SPRING 2026/BLOCK 2/3D/DỰ ÁN/LastDay/Assets/LAST DAYS/__KHOA/Realistic Tree/Demo Scene/Buttonscript.cs" />
        <File uid="7" fullPath="C:/Users/ASUS/Documents/Nguyễn Ngọc Tâm/HỌC TẬP/FPT/HỌC KÌ SPRING 2026/BLOCK 2/3D/DỰ ÁN/LastDay/Assets/LAST DAYS/__KHOA/Realistic Tree/Demo Scene/Rotate.cs" />
        <File uid="8" fullPath="C:/Users/ASUS/Documents/Nguyễn Ngọc Tâm/HỌC TẬP/FPT/HỌC KÌ SPRING 2026/BLOCK 2/3D/DỰ ÁN/LastDay/Assets/LAST DAYS/__NTAM/Scripts/AuthUIHandler.cs" />
        <File uid="9" fullPath="C:/Users/ASUS/Documents/Nguyễn Ngọc Tâm/HỌC TẬP/FPT/HỌC KÌ SPRING 2026/BLOCK 2/3D/DỰ ÁN/LastDay/Assets/LAST DAYS/__NTAM/Scripts/BackgroundMusic.cs" />
        <File uid="10" fullPath="C:/Users/ASUS/Documents/Nguyễn Ngọc Tâm/HỌC TẬP/FPT/HỌC KÌ SPRING 2026/BLOCK 2/3D/DỰ ÁN/LastDay/Assets/LAST DAYS/__NTAM/Scripts/MenuController.cs" />
        <File uid="11" fullPath="C:/Users/ASUS/Documents/Nguyễn Ngọc Tâm/HỌC TẬP/FPT/HỌC KÌ SPRING 2026/BLOCK 2/3D/DỰ ÁN/LastDay/Assets/LAST DAYS/__NTAM/Scripts/SettingManager.cs" />
        <File uid="12" fullPath="C:/Users/ASUS/Documents/Nguyễn Ngọc Tâm/HỌC TẬP/FPT/HỌC KÌ SPRING 2026/BLOCK 2/3D/DỰ ÁN/LastDay/Assets/LAST DAYS/__TTAM/Asset/Easy FPS/Scripts/BulletScript.cs" />
        <File uid="13" fullPath="C:/Users/ASUS/Documents/Nguyễn Ngọc Tâm/HỌC TẬP/FPT/HỌC KÌ SPRING 2026/BLOCK 2/3D/DỰ ÁN/LastDay/Assets/LAST DAYS/__TTAM/Asset/Easy FPS/Scripts/DestroyAfterTimeParticle.cs" />
        <File uid="14" fullPath="C:/Users/ASUS/Documents/Nguyễn Ngọc Tâm/HỌC TẬP/FPT/HỌC KÌ SPRING 2026/BLOCK 2/3D/DỰ ÁN/LastDay/Assets/LAST DAYS/__TTAM/Asset/Easy FPS/Scripts/GunInventory.cs" />
        <File uid="15" fullPath="C:/Users/ASUS/Documents/Nguyễn Ngọc Tâm/HỌC TẬP/FPT/HỌC KÌ SPRING 2026/BLOCK 2/3D/DỰ ÁN/LastDay/Assets/LAST DAYS/__TTAM/Asset/Easy FPS/Scripts/GunScript.cs" />
        <File uid="16" fullPath="C:/Users/ASUS/Documents/Nguyễn Ngọc Tâm/HỌC TẬP/FPT/HỌC KÌ SPRING 2026/BLOCK 2/3D/DỰ ÁN/LastDay/Assets/LAST DAYS/__TTAM/Asset/Easy FPS/Scripts/MouseLookScript.cs" />
        <File uid="17" fullPath="C:/Users/ASUS/Documents/Nguyễn Ngọc Tâm/HỌC TẬP/FPT/HỌC KÌ SPRING 2026/BLOCK 2/3D/DỰ ÁN/LastDay/Assets/LAST DAYS/__TTAM/Asset/Easy FPS/Scripts/PlayerMovementScript.cs" />
        <File uid="18" fullPath="C:/Users/ASUS/Documents/Nguyễn Ngọc Tâm/HỌC TẬP/FPT/HỌC KÌ SPRING 2026/BLOCK 2/3D/DỰ ÁN/LastDay/Assets/LAST DAYS/__TTAM/Asset/Invector-3rdPersonController_LITE/Scripts/Camera/vThirdPersonCamera.cs" />
        <File uid="19" fullPath="C:/Users/ASUS/Documents/Nguyễn Ngọc Tâm/HỌC TẬP/FPT/HỌC KÌ SPRING 2026/BLOCK 2/3D/DỰ ÁN/LastDay/Assets/LAST DAYS/__TTAM/Asset/Invector-3rdPersonController_LITE/Scripts/CharacterController/Editor/vCharacterEditor.cs" />
        <File uid="20" fullPath="C:/Users/ASUS/Documents/Nguyễn Ngọc Tâm/HỌC TẬP/FPT/HỌC KÌ SPRING 2026/BLOCK 2/3D/DỰ ÁN/LastDay/Assets/LAST DAYS/__TTAM/Asset/Invector-3rdPersonController_LITE/Scripts/CharacterController/Editor/vThirdPersonInputEditor.cs" />
        <File uid="21" fullPath="C:/Users/ASUS/Documents/Nguyễn Ngọc Tâm/HỌC TẬP/FPT/HỌC KÌ SPRING 2026/BLOCK 2/3D/DỰ ÁN/LastDay/Assets/LAST DAYS/__TTAM/Asset/Invector-3rdPersonController_LITE/Scripts/Generic/Utils/vPickupItem.cs" />
        <File uid="22" fullPath="C:/Users/ASUS/Documents/Nguyễn Ngọc Tâm/HỌC TẬP/FPT/HỌC KÌ SPRING 2026/BLOCK 2/3D/DỰ ÁN/LastDay/Assets/LAST DAYS/__TTAM/Asset/JMO Assets/Cartoon FX Easy Editor/Editor/CFXEasyEditor.cs" />
        <File uid="23" fullPath="C:/Users/ASUS/Documents/Nguyễn Ngọc Tâm/HỌC TẬP/FPT/HỌC KÌ SPRING 2026/BLOCK 2/3D/DỰ ÁN/LastDay/Assets/LAST DAYS/__TTAM/Asset/JMO Assets/WarFX/Demo/Assets/CFX_AutoStopLoopedEffect.cs" />
        <File uid="24" fullPath="C:/Users/ASUS/Documents/Nguyễn Ngọc Tâm/HỌC TẬP/FPT/HỌC KÌ SPRING 2026/BLOCK 2/3D/DỰ ÁN/LastDay/Assets/LAST DAYS/__TTAM/Asset/JMO Assets/WarFX/Demo/Assets/CFX_Demo_RandomDir.cs" />
        <File uid="25" fullPath="C:/Users/ASUS/Documents/Nguyễn Ngọc Tâm/HỌC TẬP/FPT/HỌC KÌ SPRING 2026/BLOCK 2/3D/DỰ ÁN/LastDay/Assets/LAST DAYS/__TTAM/Asset/JMO Assets/WarFX/Demo/Assets/CFX_Demo_RotateCamera.cs" />
        <File uid="26" fullPath="C:/Users/ASUS/Documents/Nguyễn Ngọc Tâm/HỌC TẬP/FPT/HỌC KÌ SPRING 2026/BLOCK 2/3D/DỰ ÁN/LastDay/Assets/LAST DAYS/__TTAM/Asset/JMO Assets/WarFX/Demo/Assets/CFX_Demo_Translate.cs" />
        <File uid="27" fullPath="C:/Users/ASUS/Documents/Nguyễn Ngọc Tâm/HỌC TẬP/FPT/HỌC KÌ SPRING 2026/BLOCK 2/3D/DỰ ÁN/LastDay/Assets/LAST DAYS/__TTAM/Asset/JMO Assets/WarFX/Demo/Assets/WFX_Demo.cs" />
        <File uid="28" fullPath="C:/Users/ASUS/Documents/Nguyễn Ngọc Tâm/HỌC TẬP/FPT/HỌC KÌ SPRING 2026/BLOCK 2/3D/DỰ ÁN/LastDay/Assets/LAST DAYS/__TTAM/Asset/JMO Assets/WarFX/Demo/Assets/WFX_Demo_DeleteAfterDelay.cs" />
        <File uid="29" fullPath="C:/Users/ASUS/Documents/Nguyễn Ngọc Tâm/HỌC TẬP/FPT/HỌC KÌ SPRING 2026/BLOCK 2/3D/DỰ ÁN/LastDay/Assets/LAST DAYS/__TTAM/Asset/JMO Assets/WarFX/Demo/Assets/WFX_Demo_New.cs" />
        <File uid="30" fullPath="C:/Users/ASUS/Documents/Nguyễn Ngọc Tâm/HỌC TẬP/FPT/HỌC KÌ SPRING 2026/BLOCK 2/3D/DỰ ÁN/LastDay/Assets/LAST DAYS/__TTAM/Asset/JMO Assets/WarFX/Demo/Assets/WFX_Demo_RandomDir.cs" />
        <File uid="31" fullPath="C:/Users/ASUS/Documents/Nguyễn Ngọc Tâm/HỌC TẬP/FPT/HỌC KÌ SPRING 2026/BLOCK 2/3D/DỰ ÁN/LastDay/Assets/LAST DAYS/__TTAM/Asset/JMO Assets/WarFX/Demo/Assets/WFX_Demo_Wall.cs" />
        <File uid="32" fullPath="C:/Users/ASUS/Documents/Nguyễn Ngọc Tâm/HỌC TẬP/FPT/HỌC KÌ SPRING 2026/BLOCK 2/3D/DỰ ÁN/LastDay/Assets/LAST DAYS/__TTAM/Asset/JMO Assets/WarFX/Editor/CFX_SpawnSystemEditor.cs" />
        <File uid="33" fullPath="C:/Users/ASUS/Documents/Nguyễn Ngọc Tâm/HỌC TẬP/FPT/HỌC KÌ SPRING 2026/BLOCK 2/3D/DỰ ÁN/LastDay/Assets/LAST DAYS/__TTAM/Asset/JMO Assets/WarFX/Scripts/CFX_AutoDestructShuriken.cs" />
        <File uid="34" fullPath="C:/Users/ASUS/Documents/Nguyễn Ngọc Tâm/HỌC TẬP/FPT/HỌC KÌ SPRING 2026/BLOCK 2/3D/DỰ ÁN/LastDay/Assets/LAST DAYS/__TTAM/Asset/JMO Assets/WarFX/Scripts/CFX_LightIntensityFade.cs" />
        <File uid="35" fullPath="C:/Users/ASUS/Documents/Nguyễn Ngọc Tâm/HỌC TẬP/FPT/HỌC KÌ SPRING 2026/BLOCK 2/3D/DỰ ÁN/LastDay/Assets/LAST DAYS/__TTAM/Asset/JMO Assets/WarFX/Scripts/WFX_BulletHoleDecal.cs" />
        <File uid="36" fullPath="C:/Users/ASUS/Documents/Nguyễn Ngọc Tâm/HỌC TẬP/FPT/HỌC KÌ SPRING 2026/BLOCK 2/3D/DỰ ÁN/LastDay/Assets/LAST DAYS/__TTAM/Asset/JMO Assets/WarFX/Scripts/WFX_LightFlicker.cs" />
        <File uid="37" fullPath="C:/Users/ASUS/Documents/Nguyễn Ngọc Tâm/HỌC TẬP/FPT/HỌC KÌ SPRING 2026/BLOCK 2/3D/DỰ ÁN/LastDay/Assets/LAST DAYS/__TTAM/Asset/JMO Assets/WarFX/Spawn System/CFX_SpawnSystem.cs" />
        <File uid="38" fullPath="C:/Users/ASUS/Documents/Nguyễn Ngọc Tâm/HỌC TẬP/FPT/HỌC KÌ SPRING 2026/BLOCK 2/3D/DỰ ÁN/LastDay/Assets/LAST DAYS/__TTAM/Asset/UnityTechnologies/ParticlePack/EffectExamples/Misc Effects/Scripts/SpawnEffect.cs" />
        <File uid="39" fullPath="C:/Users/ASUS/Documents/Nguyễn Ngọc Tâm/HỌC TẬP/FPT/HỌC KÌ SPRING 2026/BLOCK 2/3D/DỰ ÁN/LastDay/Assets/LAST DAYS/__TTAM/Asset/UnityTechnologies/ParticlePack/Shared/Ramps/Editor/RampAssetEditor.cs" />
        <File uid="40" fullPath="C:/Users/ASUS/Documents/Nguyễn Ngọc Tâm/HỌC TẬP/FPT/HỌC KÌ SPRING 2026/BLOCK 2/3D/DỰ ÁN/LastDay/Assets/LAST DAYS/__TTAM/Asset/UnityTechnologies/ParticlePack/Shared/Ramps/Runtime/RampAsset.cs" />
        <File uid="41" fullPath="C:/Users/ASUS/Documents/Nguyễn Ngọc Tâm/HỌC TẬP/FPT/HỌC KÌ SPRING 2026/BLOCK 2/3D/DỰ ÁN/LastDay/Assets/LAST DAYS/__TTAM/Asset/UnityTechnologies/ParticlePack/Shared/Scripts/AdjustTimeScale.cs" />
        <File uid="42" fullPath="C:/Users/ASUS/Documents/Nguyễn Ngọc Tâm/HỌC TẬP/FPT/HỌC KÌ SPRING 2026/BLOCK 2/3D/DỰ ÁN/LastDay/Assets/LAST DAYS/__TTAM/Asset/UnityTechnologies/ParticlePack/Shared/Scripts/ProximityActivate.cs" />
        <File uid="43" fullPath="C:/Users/ASUS/Documents/Nguyễn Ngọc Tâm/HỌC TẬP/FPT/HỌC KÌ SPRING 2026/BLOCK 2/3D/DỰ ÁN/LastDay/Assets/LAST DAYS/__TTAM/Asset/UnityTechnologies/ParticlePack/Shared/Scripts/SimpleCharacterMotor.cs" />
        <File uid="44" fullPath="C:/Users/ASUS/Documents/Nguyễn Ngọc Tâm/HỌC TẬP/FPT/HỌC KÌ SPRING 2026/BLOCK 2/3D/DỰ ÁN/LastDay/Assets/TutorialInfo/Scripts/Editor/ReadmeEditor.cs" />
        <File uid="45" fullPath="C:/Users/ASUS/Documents/Nguyễn Ngọc Tâm/HỌC TẬP/FPT/HỌC KÌ SPRING 2026/BLOCK 2/3D/DỰ ÁN/LastDay/Assets/Solodream/VFX_FireballPack/Scripts/FireballHorizontalMovement.cs" />
        <File uid="46" fullPath="C:/Users/ASUS/Documents/Nguyễn Ngọc Tâm/HỌC TẬP/FPT/HỌC KÌ SPRING 2026/BLOCK 2/3D/DỰ ÁN/LastDay/Assets/More/FolderAssetTools/Editor/AssetToolsWindow.cs" />
        <File uid="47" fullPath="C:/Users/ASUS/Documents/Nguyễn Ngọc Tâm/HỌC TẬP/FPT/HỌC KÌ SPRING 2026/BLOCK 2/3D/DỰ ÁN/LastDay/Assets/More/FolderAssetTools/Editor/FavoritesWindow.cs" />
        <File uid="48" fullPath="C:/Users/ASUS/Documents/Nguyễn Ngọc Tâm/HỌC TẬP/FPT/HỌC KÌ SPRING 2026/BLOCK 2/3D/DỰ ÁN/LastDay/Assets/More/FolderAssetTools/Editor/FolderColorizer.cs" />
        <File uid="49" fullPath="C:/Users/ASUS/Documents/Nguyễn Ngọc Tâm/HỌC TẬP/FPT/HỌC KÌ SPRING 2026/BLOCK 2/3D/DỰ ÁN/LastDay/Assets/More/FolderAssetTools/Editor/FolderColorSettings.cs" />
        <File uid="50" fullPath="C:/Users/ASUS/Documents/Nguyễn Ngọc Tâm/HỌC TẬP/FPT/HỌC KÌ SPRING 2026/BLOCK 2/3D/DỰ ÁN/LastDay/Assets/More/Blink/Tools/EditorSceneLoader/Editor/EditorSceneLoaderSettings.cs" />
        <File uid="51" fullPath="C:/Users/ASUS/Documents/Nguyễn Ngọc Tâm/HỌC TẬP/FPT/HỌC KÌ SPRING 2026/BLOCK 2/3D/DỰ ÁN/LastDay/Assets/More/Blink/Tools/EditorSceneLoader/Editor/EditorSceneLoaderSettingsProvider.cs" />
        <File uid="52" fullPath="C:/Users/ASUS/Documents/Nguyễn Ngọc Tâm/HỌC TẬP/FPT/HỌC KÌ SPRING 2026/BLOCK 2/3D/DỰ ÁN/LastDay/Assets/LAST DAYS/__TTAM/Asset/UnityTechnologies/ParticlePack/Shared/Scripts/SimpleCameraController.cs" />
        <File uid="53" fullPath="C:/Users/ASUS/Documents/Nguyễn Ngọc Tâm/HỌC TẬP/FPT/HỌC KÌ SPRING 2026/BLOCK 2/3D/DỰ ÁN/LastDay/Assets/LAST DAYS/__TTAM/Asset/ProceduralFenceGenerator/Scripts/FenceGenerator.cs" />
        <File uid="54" fullPath="C:/Users/ASUS/Documents/Nguyễn Ngọc Tâm/HỌC TẬP/FPT/HỌC KÌ SPRING 2026/BLOCK 2/3D/DỰ ÁN/LastDay/Assets/LAST DAYS/__TTAM/Asset/ProceduralFenceGenerator/Scripts/FencePath.cs" />
        <File uid="55" fullPath="C:/Users/ASUS/Documents/Nguyễn Ngọc Tâm/HỌC TẬP/FPT/HỌC KÌ SPRING 2026/BLOCK 2/3D/DỰ ÁN/LastDay/Assets/LAST DAYS/__TTAM/Asset/Invector-3rdPersonController_LITE/3D Models/Others/HealthItem/vAnimateUV.cs" />
        <File uid="56" fullPath="C:/Users/ASUS/Documents/Nguyễn Ngọc Tâm/HỌC TẬP/FPT/HỌC KÌ SPRING 2026/BLOCK 2/3D/DỰ ÁN/LastDay/Assets/LAST DAYS/__TTAM/Asset/Invector-3rdPersonController_LITE/Scripts/CharacterCreator/Script/Editor/vHelperEditor.cs" />
        <File uid="57" fullPath="C:/Users/ASUS/Documents/Nguyễn Ngọc Tâm/HỌC TẬP/FPT/HỌC KÌ SPRING 2026/BLOCK 2/3D/DỰ ÁN/LastDay/Assets/LAST DAYS/__TTAM/Asset/Invector-3rdPersonController_LITE/Scripts/Generic/Utils/vExtensions.cs" />
        <File uid="58" fullPath="C:/Users/ASUS/Documents/Nguyễn Ngọc Tâm/HỌC TẬP/FPT/HỌC KÌ SPRING 2026/BLOCK 2/3D/DỰ ÁN/LastDay/Assets/LAST DAYS/__TTAM/Asset/Invector-3rdPersonController_LITE/Scripts/Generic/Utils/Editor/vCommentEditor.cs" />
        <File uid="59" fullPath="C:/Users/ASUS/Documents/Nguyễn Ngọc Tâm/HỌC TẬP/FPT/HỌC KÌ SPRING 2026/BLOCK 2/3D/DỰ ÁN/LastDay/Assets/LAST DAYS/__TTAM/Asset/Invector-3rdPersonController_LITE/Scripts/Generic/Utils/vComment.cs" />
        <File uid="60" fullPath="C:/Users/ASUS/Documents/Nguyễn Ngọc Tâm/HỌC TẬP/FPT/HỌC KÌ SPRING 2026/BLOCK 2/3D/DỰ ÁN/LastDay/Assets/LAST DAYS/__TTAM/Asset/Invector-3rdPersonController_LITE/Scripts/CharacterController/Editor/Resources/vEditorStartupPrefs.cs" />
        <File uid="61" fullPath="C:/Users/ASUS/Documents/Nguyễn Ngọc Tâm/HỌC TẬP/FPT/HỌC KÌ SPRING 2026/BLOCK 2/3D/DỰ ÁN/LastDay/Assets/LAST DAYS/__TTAM/Asset/Invector-3rdPersonController_LITE/Scripts/CharacterController/Editor/vInvectorStartup.cs" />
        <File uid="62" fullPath="C:/Users/ASUS/Documents/Nguyễn Ngọc Tâm/HỌC TẬP/FPT/HỌC KÌ SPRING 2026/BLOCK 2/3D/DỰ ÁN/LastDay/Assets/LAST DAYS/__TTAM/Asset/Invector-3rdPersonController_LITE/Scripts/CharacterController/Editor/vInvectorWelcomeWindow.cs" />
        <File uid="63" fullPath="C:/Users/ASUS/Documents/Nguyễn Ngọc Tâm/HỌC TẬP/FPT/HỌC KÌ SPRING 2026/BLOCK 2/3D/DỰ ÁN/LastDay/Assets/LAST DAYS/__TTAM/Asset/Invector-3rdPersonController_LITE/Scripts/CharacterController/vThirdPersonAnimator.cs" />
        <File uid="64" fullPath="C:/Users/ASUS/Documents/Nguyễn Ngọc Tâm/HỌC TẬP/FPT/HỌC KÌ SPRING 2026/BLOCK 2/3D/DỰ ÁN/LastDay/Assets/LAST DAYS/__TTAM/Asset/Invector-3rdPersonController_LITE/Scripts/CharacterController/vThirdPersonController.cs" />
        <File uid="65" fullPath="C:/Users/ASUS/Documents/Nguyễn Ngọc Tâm/HỌC TẬP/FPT/HỌC KÌ SPRING 2026/BLOCK 2/3D/DỰ ÁN/LastDay/Assets/LAST DAYS/__TTAM/Asset/Invector-3rdPersonController_LITE/Scripts/CharacterController/vThirdPersonInput.cs" />
        <File uid="66" fullPath="C:/Users/ASUS/Documents/Nguyễn Ngọc Tâm/HỌC TẬP/FPT/HỌC KÌ SPRING 2026/BLOCK 2/3D/DỰ ÁN/LastDay/Assets/LAST DAYS/__TTAM/Asset/Invector-3rdPersonController_LITE/Scripts/CharacterController/vThirdPersonMotor.cs" />
        <File uid="67" fullPath="C:/Users/ASUS/Documents/Nguyễn Ngọc Tâm/HỌC TẬP/FPT/HỌC KÌ SPRING 2026/BLOCK 2/3D/DỰ ÁN/LastDay/Assets/LAST DAYS/__TTAM/Asset/Invector-3rdPersonController_LITE/Scripts/CharacterCreator/Script/Editor/vCreateBasicCharacterEditor.cs" />
        <File uid="68" fullPath="C:/Users/ASUS/Documents/Nguyễn Ngọc Tâm/HỌC TẬP/FPT/HỌC KÌ SPRING 2026/BLOCK 2/3D/DỰ ÁN/LastDay/Assets/LAST DAYS/__TTAM/Asset/Invector-3rdPersonController_LITE/Scripts/Camera/Editor/vThirdPersonCameraEditor.cs" />
        <File uid="69" fullPath="C:/Users/ASUS/Documents/Nguyễn Ngọc Tâm/HỌC TẬP/FPT/HỌC KÌ SPRING 2026/BLOCK 2/3D/DỰ ÁN/LastDay/Assets/LAST DAYS/__KHOA/Flooded_Grounds/PostProcessing/Runtime/Attributes/GetSetAttribute.cs" />
        <File uid="70" fullPath="C:/Users/ASUS/Documents/Nguyễn Ngọc Tâm/HỌC TẬP/FPT/HỌC KÌ SPRING 2026/BLOCK 2/3D/DỰ ÁN/LastDay/Assets/LAST DAYS/__KHOA/Flooded_Grounds/PostProcessing/Runtime/Attributes/MinAttribute.cs" />
        <File uid="71" fullPath="C:/Users/ASUS/Documents/Nguyễn Ngọc Tâm/HỌC TẬP/FPT/HỌC KÌ SPRING 2026/BLOCK 2/3D/DỰ ÁN/LastDay/Assets/LAST DAYS/__KHOA/Flooded_Grounds/PostProcessing/Runtime/Attributes/TrackballAttribute.cs" />
        <File uid="72" fullPath="C:/Users/ASUS/Documents/Nguyễn Ngọc Tâm/HỌC TẬP/FPT/HỌC KÌ SPRING 2026/BLOCK 2/3D/DỰ ÁN/LastDay/Assets/LAST DAYS/__KHOA/Flooded_Grounds/PostProcessing/Runtime/Components/AmbientOcclusionComponent.cs" />
        <File uid="73" fullPath="C:/Users/ASUS/Documents/Nguyễn Ngọc Tâm/HỌC TẬP/FPT/HỌC KÌ SPRING 2026/BLOCK 2/3D/DỰ ÁN/LastDay/Assets/LAST DAYS/__KHOA/Flooded_Grounds/PostProcessing/Runtime/Components/BloomComponent.cs" />
        <File uid="74" fullPath="C:/Users/ASUS/Documents/Nguyễn Ngọc Tâm/HỌC TẬP/FPT/HỌC KÌ SPRING 2026/BLOCK 2/3D/DỰ ÁN/LastDay/Assets/LAST DAYS/__KHOA/Flooded_Grounds/PostProcessing/Runtime/Components/BuiltinDebugViewsComponent.cs" />
        <File uid="75" fullPath="C:/Users/ASUS/Documents/Nguyễn Ngọc Tâm/HỌC TẬP/FPT/HỌC KÌ SPRING 2026/BLOCK 2/3D/DỰ ÁN/LastDay/Assets/LAST DAYS/__KHOA/Flooded_Grounds/PostProcessing/Runtime/Components/ChromaticAberrationComponent.cs" />
        <File uid="76" fullPath="C:/Users/ASUS/Documents/Nguyễn Ngọc Tâm/HỌC TẬP/FPT/HỌC KÌ SPRING 2026/BLOCK 2/3D/DỰ ÁN/LastDay/Assets/LAST DAYS/__KHOA/Flooded_Grounds/PostProcessing/Runtime/Components/ColorGradingComponent.cs" />
        <File uid="77" fullPath="C:/Users/ASUS/Documents/Nguyễn Ngọc Tâm/HỌC TẬP/FPT/HỌC KÌ SPRING 2026/BLOCK 2/3D/DỰ ÁN/LastDay/Assets/LAST DAYS/__KHOA/Flooded_Grounds/PostProcessing/Runtime/Components/DepthOfFieldComponent.cs" />
        <File uid="78" fullPath="C:/Users/ASUS/Documents/Nguyễn Ngọc Tâm/HỌC TẬP/FPT/HỌC KÌ SPRING 2026/BLOCK 2/3D/DỰ ÁN/LastDay/Assets/LAST DAYS/__KHOA/Flooded_Grounds/PostProcessing/Runtime/Components/DitheringComponent.cs" />
        <File uid="79" fullPath="C:/Users/ASUS/Documents/Nguyễn Ngọc Tâm/HỌC TẬP/FPT/HỌC KÌ SPRING 2026/BLOCK 2/3D/DỰ ÁN/LastDay/Assets/LAST DAYS/__KHOA/Flooded_Grounds/PostProcessing/Runtime/Components/EyeAdaptationComponent.cs" />
        <File uid="80" fullPath="C:/Users/ASUS/Documents/Nguyễn Ngọc Tâm/HỌC TẬP/FPT/HỌC KÌ SPRING 2026/BLOCK 2/3D/DỰ ÁN/LastDay/Assets/LAST DAYS/__KHOA/Flooded_Grounds/PostProcessing/Runtime/Components/FogComponent.cs" />
        <File uid="81" fullPath="C:/Users/ASUS/Documents/Nguyễn Ngọc Tâm/HỌC TẬP/FPT/HỌC KÌ SPRING 2026/BLOCK 2/3D/DỰ ÁN/LastDay/Assets/LAST DAYS/__KHOA/Flooded_Grounds/PostProcessing/Runtime/Components/FxaaComponent.cs" />
        <File uid="82" fullPath="C:/Users/ASUS/Documents/Nguyễn Ngọc Tâm/HỌC TẬP/FPT/HỌC KÌ SPRING 2026/BLOCK 2/3D/DỰ ÁN/LastDay/Assets/LAST DAYS/__KHOA/Flooded_Grounds/PostProcessing/Runtime/Components/GrainComponent.cs" />
        <File uid="83" fullPath="C:/Users/ASUS/Documents/Nguyễn Ngọc Tâm/HỌC TẬP/FPT/HỌC KÌ SPRING 2026/BLOCK 2/3D/DỰ ÁN/LastDay/Assets/LAST DAYS/__KHOA/Flooded_Grounds/PostProcessing/Runtime/Components/MotionBlurComponent.cs" />
        <File uid="84" fullPath="C:/Users/ASUS/Documents/Nguyễn Ngọc Tâm/HỌC TẬP/FPT/HỌC KÌ SPRING 2026/BLOCK 2/3D/DỰ ÁN/LastDay/Assets/LAST DAYS/__KHOA/Flooded_Grounds/PostProcessing/Runtime/Components/ScreenSpaceReflectionComponent.cs" />
        <File uid="85" fullPath="C:/Users/ASUS/Documents/Nguyễn Ngọc Tâm/HỌC TẬP/FPT/HỌC KÌ SPRING 2026/BLOCK 2/3D/DỰ ÁN/LastDay/Assets/LAST DAYS/__KHOA/Flooded_Grounds/PostProcessing/Runtime/Components/TaaComponent.cs" />
        <File uid="86" fullPath="C:/Users/ASUS/Documents/Nguyễn Ngọc Tâm/HỌC TẬP/FPT/HỌC KÌ SPRING 2026/BLOCK 2/3D/DỰ ÁN/LastDay/Assets/LAST DAYS/__KHOA/Flooded_Grounds/PostProcessing/Runtime/Components/UserLutComponent.cs" />
        <File uid="87" fullPath="C:/Users/ASUS/Documents/Nguyễn Ngọc Tâm/HỌC TẬP/FPT/HỌC KÌ SPRING 2026/BLOCK 2/3D/DỰ ÁN/LastDay/Assets/LAST DAYS/__KHOA/Flooded_Grounds/PostProcessing/Runtime/Components/VignetteComponent.cs" />
        <File uid="88" fullPath="C:/Users/ASUS/Documents/Nguyễn Ngọc Tâm/HỌC TẬP/FPT/HỌC KÌ SPRING 2026/BLOCK 2/3D/DỰ ÁN/LastDay/Assets/LAST DAYS/__KHOA/Flooded_Grounds/PostProcessing/Runtime/Models/AmbientOcclusionModel.cs" />
        <File uid="89" fullPath="C:/Users/ASUS/Documents/Nguyễn Ngọc Tâm/HỌC TẬP/FPT/HỌC KÌ SPRING 2026/BLOCK 2/3D/DỰ ÁN/LastDay/Assets/LAST DAYS/__KHOA/Flooded_Grounds/PostProcessing/Runtime/Models/AntialiasingModel.cs" />
        <File uid="90" fullPath="C:/Users/ASUS/Documents/Nguyễn Ngọc Tâm/HỌC TẬP/FPT/HỌC KÌ SPRING 2026/BLOCK 2/3D/DỰ ÁN/LastDay/Assets/LAST DAYS/__KHOA/Flooded_Grounds/PostProcessing/Runtime/Models/BloomModel.cs" />
        <File uid="91" fullPath="C:/Users/ASUS/Documents/Nguyễn Ngọc Tâm/HỌC TẬP/FPT/HỌC KÌ SPRING 2026/BLOCK 2/3D/DỰ ÁN/LastDay/Assets/LAST DAYS/__KHOA/Flooded_Grounds/PostProcessing/Runtime/Models/BuiltinDebugViewsModel.cs" />
        <File uid="92" fullPath="C:/Users/ASUS/Documents/Nguyễn Ngọc Tâm/HỌC TẬP/FPT/HỌC KÌ SPRING 2026/BLOCK 2/3D/DỰ ÁN/LastDay/Assets/LAST DAYS/__KHOA/Flooded_Grounds/PostProcessing/Runtime/Models/ChromaticAberrationModel.cs" />
        <File uid="93" fullPath="C:/Users/ASUS/Documents/Nguyễn Ngọc Tâm/HỌC TẬP/FPT/HỌC KÌ SPRING 2026/BLOCK 2/3D/DỰ ÁN/LastDay/Assets/LAST DAYS/__KHOA/Flooded_Grounds/PostProcessing/Runtime/Models/ColorGradingModel.cs" />
        <File uid="94" fullPath="C:/Users/ASUS/Documents/Nguyễn Ngọc Tâm/HỌC TẬP/FPT/HỌC KÌ SPRING 2026/BLOCK 2/3D/DỰ ÁN/LastDay/Assets/LAST DAYS/__KHOA/Flooded_Grounds/PostProcessing/Runtime/Models/DepthOfFieldModel.cs" />
        <File uid="95" fullPath="C:/Users/ASUS/Documents/Nguyễn Ngọc Tâm/HỌC TẬP/FPT/HỌC KÌ SPRING 2026/BLOCK 2/3D/DỰ ÁN/LastDay/Assets/LAST DAYS/__KHOA/Flooded_Grounds/PostProcessing/Runtime/Models/DitheringModel.cs" />
        <File uid="96" fullPath="C:/Users/ASUS/Documents/Nguyễn Ngọc Tâm/HỌC TẬP/FPT/HỌC KÌ SPRING 2026/BLOCK 2/3D/DỰ ÁN/LastDay/Assets/LAST DAYS/__KHOA/Flooded_Grounds/PostProcessing/Runtime/Models/EyeAdaptationModel.cs" />
        <File uid="97" fullPath="C:/Users/ASUS/Documents/Nguyễn Ngọc Tâm/HỌC TẬP/FPT/HỌC KÌ SPRING 2026/BLOCK 2/3D/DỰ ÁN/LastDay/Assets/LAST DAYS/__KHOA/Flooded_Grounds/PostProcessing/Runtime/Models/FogModel.cs" />
        <File uid="98" fullPath="C:/Users/ASUS/Documents/Nguyễn Ngọc Tâm/HỌC TẬP/FPT/HỌC KÌ SPRING 2026/BLOCK 2/3D/DỰ ÁN/LastDay/Assets/LAST DAYS/__KHOA/Flooded_Grounds/PostProcessing/Runtime/Models/GrainModel.cs" />
        <File uid="99" fullPath="C:/Users/ASUS/Documents/Nguyễn Ngọc Tâm/HỌC TẬP/FPT/HỌC KÌ SPRING 2026/BLOCK 2/3D/DỰ ÁN/LastDay/Assets/LAST DAYS/__KHOA/Flooded_Grounds/PostProcessing/Runtime/Models/MotionBlurModel.cs" />
        <File uid="100" fullPath="C:/Users/ASUS/Documents/Nguyễn Ngọc Tâm/HỌC TẬP/FPT/HỌC KÌ SPRING 2026/BLOCK 2/3D/DỰ ÁN/LastDay/Assets/LAST DAYS/__KHOA/Flooded_Grounds/PostProcessing/Runtime/Models/ScreenSpaceReflectionModel.cs" />
        <File uid="101" fullPath="C:/Users/ASUS/Documents/Nguyễn Ngọc Tâm/HỌC TẬP/FPT/HỌC KÌ SPRING 2026/BLOCK 2/3D/DỰ ÁN/LastDay/Assets/LAST DAYS/__KHOA/Flooded_Grounds/PostProcessing/Runtime/Models/UserLutModel.cs" />
        <File uid="102" fullPath="C:/Users/ASUS/Documents/Nguyễn Ngọc Tâm/HỌC TẬP/FPT/HỌC KÌ SPRING 2026/BLOCK 2/3D/DỰ ÁN/LastDay/Assets/LAST DAYS/__KHOA/Flooded_Grounds/PostProcessing/Runtime/Models/VignetteModel.cs" />
        <File uid="103" fullPath="C:/Users/ASUS/Documents/Nguyễn Ngọc Tâm/HỌC TẬP/FPT/HỌC KÌ SPRING 2026/BLOCK 2/3D/DỰ ÁN/LastDay/Assets/LAST DAYS/__KHOA/Flooded_Grounds/PostProcessing/Runtime/PostProcessingBehaviour.cs" />
        <File uid="104" fullPath="C:/Users/ASUS/Documents/Nguyễn Ngọc Tâm/HỌC TẬP/FPT/HỌC KÌ SPRING 2026/BLOCK 2/3D/DỰ ÁN/LastDay/Assets/LAST DAYS/__KHOA/Flooded_Grounds/PostProcessing/Runtime/PostProcessingComponent.cs" />
        <File uid="105" fullPath="C:/Users/ASUS/Documents/Nguyễn Ngọc Tâm/HỌC TẬP/FPT/HỌC KÌ SPRING 2026/BLOCK 2/3D/DỰ ÁN/LastDay/Assets/LAST DAYS/__KHOA/Flooded_Grounds/PostProcessing/Runtime/PostProcessingContext.cs" />
        <File uid="106" fullPath="C:/Users/ASUS/Documents/Nguyễn Ngọc Tâm/HỌC TẬP/FPT/HỌC KÌ SPRING 2026/BLOCK 2/3D/DỰ ÁN/LastDay/Assets/LAST DAYS/__KHOA/Flooded_Grounds/PostProcessing/Runtime/PostProcessingModel.cs" />
        <File uid="107" fullPath="C:/Users/ASUS/Documents/Nguyễn Ngọc Tâm/HỌC TẬP/FPT/HỌC KÌ SPRING 2026/BLOCK 2/3D/DỰ ÁN/LastDay/Assets/LAST DAYS/__KHOA/Flooded_Grounds/PostProcessing/Runtime/PostProcessingProfile.cs" />
        <File uid="108" fullPath="C:/Users/ASUS/Documents/Nguyễn Ngọc Tâm/HỌC TẬP/FPT/HỌC KÌ SPRING 2026/BLOCK 2/3D/DỰ ÁN/LastDay/Assets/LAST DAYS/__KHOA/Flooded_Grounds/PostProcessing/Runtime/Utils/ColorGradingCurve.cs" />
        <File uid="109" fullPath="C:/Users/ASUS/Documents/Nguyễn Ngọc Tâm/HỌC TẬP/FPT/HỌC KÌ SPRING 2026/BLOCK 2/3D/DỰ ÁN/LastDay/Assets/LAST DAYS/__KHOA/Flooded_Grounds/PostProcessing/Runtime/Utils/GraphicsUtils.cs" />
        <File uid="110" fullPath="C:/Users/ASUS/Documents/Nguyễn Ngọc Tâm/HỌC TẬP/FPT/HỌC KÌ SPRING 2026/BLOCK 2/3D/DỰ ÁN/LastDay/Assets/LAST DAYS/__KHOA/Flooded_Grounds/PostProcessing/Runtime/Utils/MaterialFactory.cs" />
        <File uid="111" fullPath="C:/Users/ASUS/Documents/Nguyễn Ngọc Tâm/HỌC TẬP/FPT/HỌC KÌ SPRING 2026/BLOCK 2/3D/DỰ ÁN/LastDay/Assets/LAST DAYS/__KHOA/Flooded_Grounds/PostProcessing/Runtime/Utils/RenderTextureFactory.cs" />
        <File uid="112" fullPath="C:/Users/ASUS/Documents/Nguyễn Ngọc Tâm/HỌC TẬP/FPT/HỌC KÌ SPRING 2026/BLOCK 2/3D/DỰ ÁN/LastDay/Assets/LAST DAYS/__KHOA/Flooded_Grounds/PostProcessing/Editor/Attributes/PostProcessingModelEditorAttribute.cs" />
        <File uid="113" fullPath="C:/Users/ASUS/Documents/Nguyễn Ngọc Tâm/HỌC TẬP/FPT/HỌC KÌ SPRING 2026/BLOCK 2/3D/DỰ ÁN/LastDay/Assets/LAST DAYS/__KHOA/Flooded_Grounds/PostProcessing/Editor/Models/AmbientOcclusionModelEditor.cs" />
        <File uid="114" fullPath="C:/Users/ASUS/Documents/Nguyễn Ngọc Tâm/HỌC TẬP/FPT/HỌC KÌ SPRING 2026/BLOCK 2/3D/DỰ ÁN/LastDay/Assets/LAST DAYS/__KHOA/Flooded_Grounds/PostProcessing/Editor/Models/AntialiasingModelEditor.cs" />
        <File uid="115" fullPath="C:/Users/ASUS/Documents/Nguyễn Ngọc Tâm/HỌC TẬP/FPT/HỌC KÌ SPRING 2026/BLOCK 2/3D/DỰ ÁN/LastDay/Assets/LAST DAYS/__KHOA/Flooded_Grounds/PostProcessing/Editor/Models/BloomModelEditor.cs" />
        <File uid="116" fullPath="C:/Users/ASUS/Documents/Nguyễn Ngọc Tâm/HỌC TẬP/FPT/HỌC KÌ SPRING 2026/BLOCK 2/3D/DỰ ÁN/LastDay/Assets/LAST DAYS/__KHOA/Flooded_Grounds/PostProcessing/Editor/Models/BuiltinDebugViewsEditor.cs" />
        <File uid="117" fullPath="C:/Users/ASUS/Documents/Nguyễn Ngọc Tâm/HỌC TẬP/FPT/HỌC KÌ SPRING 2026/BLOCK 2/3D/DỰ ÁN/LastDay/Assets/LAST DAYS/__KHOA/Flooded_Grounds/PostProcessing/Editor/Models/ColorGradingModelEditor.cs" />
        <File uid="118" fullPath="C:/Users/ASUS/Documents/Nguyễn Ngọc Tâm/HỌC TẬP/FPT/HỌC KÌ SPRING 2026/BLOCK 2/3D/DỰ ÁN/LastDay/Assets/LAST DAYS/__KHOA/Flooded_Grounds/PostProcessing/Editor/Models/DefaultPostFxModelEditor.cs" />
        <File uid="119" fullPath="C:/Users/ASUS/Documents/Nguyễn Ngọc Tâm/HỌC TẬP/FPT/HỌC KÌ SPRING 2026/BLOCK 2/3D/DỰ ÁN/LastDay/Assets/LAST DAYS/__KHOA/Flooded_Grounds/PostProcessing/Editor/Models/DepthOfFieldModelEditor.cs" />
        <File uid="120" fullPath="C:/Users/ASUS/Documents/Nguyễn Ngọc Tâm/HỌC TẬP/FPT/HỌC KÌ SPRING 2026/BLOCK 2/3D/DỰ ÁN/LastDay/Assets/LAST DAYS/__KHOA/Flooded_Grounds/PostProcessing/Editor/Models/DitheringModelEditor.cs" />
        <File uid="121" fullPath="C:/Users/ASUS/Documents/Nguyễn Ngọc Tâm/HỌC TẬP/FPT/HỌC KÌ SPRING 2026/BLOCK 2/3D/DỰ ÁN/LastDay/Assets/LAST DAYS/__KHOA/Flooded_Grounds/PostProcessing/Editor/Models/EyeAdaptationModelEditor.cs" />
        <File uid="122" fullPath="C:/Users/ASUS/Documents/Nguyễn Ngọc Tâm/HỌC TẬP/FPT/HỌC KÌ SPRING 2026/BLOCK 2/3D/DỰ ÁN/LastDay/Assets/LAST DAYS/__KHOA/Flooded_Grounds/PostProcessing/Editor/Models/FogModelEditor.cs" />
        <File uid="123" fullPath="C:/Users/ASUS/Documents/Nguyễn Ngọc Tâm/HỌC TẬP/FPT/HỌC KÌ SPRING 2026/BLOCK 2/3D/DỰ ÁN/LastDay/Assets/LAST DAYS/__KHOA/Flooded_Grounds/PostProcessing/Editor/Models/GrainModelEditor.cs" />
        <File uid="124" fullPath="C:/Users/ASUS/Documents/Nguyễn Ngọc Tâm/HỌC TẬP/FPT/HỌC KÌ SPRING 2026/BLOCK 2/3D/DỰ ÁN/LastDay/Assets/LAST DAYS/__KHOA/Flooded_Grounds/PostProcessing/Editor/Models/MotionBlurModelEditor.cs" />
        <File uid="125" fullPath="C:/Users/ASUS/Documents/Nguyễn Ngọc Tâm/HỌC TẬP/FPT/HỌC KÌ SPRING 2026/BLOCK 2/3D/DỰ ÁN/LastDay/Assets/LAST DAYS/__KHOA/Flooded_Grounds/PostProcessing/Editor/Models/ScreenSpaceReflectionModelEditor.cs" />
        <File uid="126" fullPath="C:/Users/ASUS/Documents/Nguyễn Ngọc Tâm/HỌC TẬP/FPT/HỌC KÌ SPRING 2026/BLOCK 2/3D/DỰ ÁN/LastDay/Assets/LAST DAYS/__KHOA/Flooded_Grounds/PostProcessing/Editor/Models/UserLutModelEditor.cs" />
        <File uid="127" fullPath="C:/Users/ASUS/Documents/Nguyễn Ngọc Tâm/HỌC TẬP/FPT/HỌC KÌ SPRING 2026/BLOCK 2/3D/DỰ ÁN/LastDay/Assets/LAST DAYS/__KHOA/Flooded_Grounds/PostProcessing/Editor/Models/VignetteModelEditor.cs" />
        <File uid="128" fullPath="C:/Users/ASUS/Documents/Nguyễn Ngọc Tâm/HỌC TẬP/FPT/HỌC KÌ SPRING 2026/BLOCK 2/3D/DỰ ÁN/LastDay/Assets/LAST DAYS/__KHOA/Flooded_Grounds/PostProcessing/Editor/Monitors/HistogramMonitor.cs" />
        <File uid="129" fullPath="C:/Users/ASUS/Documents/Nguyễn Ngọc Tâm/HỌC TẬP/FPT/HỌC KÌ SPRING 2026/BLOCK 2/3D/DỰ ÁN/LastDay/Assets/LAST DAYS/__KHOA/Flooded_Grounds/PostProcessing/Editor/Monitors/ParadeMonitor.cs" />
        <File uid="130" fullPath="C:/Users/ASUS/Documents/Nguyễn Ngọc Tâm/HỌC TẬP/FPT/HỌC KÌ SPRING 2026/BLOCK 2/3D/DỰ ÁN/LastDay/Assets/LAST DAYS/__KHOA/Flooded_Grounds/PostProcessing/Editor/Monitors/VectorscopeMonitor.cs" />
        <File uid="131" fullPath="C:/Users/ASUS/Documents/Nguyễn Ngọc Tâm/HỌC TẬP/FPT/HỌC KÌ SPRING 2026/BLOCK 2/3D/DỰ ÁN/LastDay/Assets/LAST DAYS/__KHOA/Flooded_Grounds/PostProcessing/Editor/Monitors/WaveformMonitor.cs" />
        <File uid="132" fullPath="C:/Users/ASUS/Documents/Nguyễn Ngọc Tâm/HỌC TẬP/FPT/HỌC KÌ SPRING 2026/BLOCK 2/3D/DỰ ÁN/LastDay/Assets/LAST DAYS/__KHOA/Flooded_Grounds/PostProcessing/Editor/PostProcessingBehaviourEditor.cs" />
        <File uid="133" fullPath="C:/Users/ASUS/Documents/Nguyễn Ngọc Tâm/HỌC TẬP/FPT/HỌC KÌ SPRING 2026/BLOCK 2/3D/DỰ ÁN/LastDay/Assets/LAST DAYS/__KHOA/Flooded_Grounds/PostProcessing/Editor/PostProcessingFactory.cs" />
        <File uid="134" fullPath="C:/Users/ASUS/Documents/Nguyễn Ngọc Tâm/HỌC TẬP/FPT/HỌC KÌ SPRING 2026/BLOCK 2/3D/DỰ ÁN/LastDay/Assets/LAST DAYS/__KHOA/Flooded_Grounds/PostProcessing/Editor/PostProcessingInspector.cs" />
        <File uid="135" fullPath="C:/Users/ASUS/Documents/Nguyễn Ngọc Tâm/HỌC TẬP/FPT/HỌC KÌ SPRING 2026/BLOCK 2/3D/DỰ ÁN/LastDay/Assets/LAST DAYS/__KHOA/Flooded_Grounds/PostProcessing/Editor/PostProcessingModelEditor.cs" />
        <File uid="136" fullPath="C:/Users/ASUS/Documents/Nguyễn Ngọc Tâm/HỌC TẬP/FPT/HỌC KÌ SPRING 2026/BLOCK 2/3D/DỰ ÁN/LastDay/Assets/LAST DAYS/__KHOA/Flooded_Grounds/PostProcessing/Editor/PostProcessingMonitor.cs" />
        <File uid="137" fullPath="C:/Users/ASUS/Documents/Nguyễn Ngọc Tâm/HỌC TẬP/FPT/HỌC KÌ SPRING 2026/BLOCK 2/3D/DỰ ÁN/LastDay/Assets/LAST DAYS/__KHOA/Flooded_Grounds/PostProcessing/Editor/PropertyDrawers/GetSetDrawer.cs" />
        <File uid="138" fullPath="C:/Users/ASUS/Documents/Nguyễn Ngọc Tâm/HỌC TẬP/FPT/HỌC KÌ SPRING 2026/BLOCK 2/3D/DỰ ÁN/LastDay/Assets/LAST DAYS/__KHOA/Flooded_Grounds/PostProcessing/Editor/PropertyDrawers/TrackballGroupDrawer.cs" />
        <File uid="139" fullPath="C:/Users/ASUS/Documents/Nguyễn Ngọc Tâm/HỌC TẬP/FPT/HỌC KÌ SPRING 2026/BLOCK 2/3D/DỰ ÁN/LastDay/Assets/LAST DAYS/__KHOA/Flooded_Grounds/PostProcessing/Editor/Utils/CurveEditor.cs" />
        <File uid="140" fullPath="C:/Users/ASUS/Documents/Nguyễn Ngọc Tâm/HỌC TẬP/FPT/HỌC KÌ SPRING 2026/BLOCK 2/3D/DỰ ÁN/LastDay/Assets/LAST DAYS/__KHOA/Flooded_Grounds/PostProcessing/Editor/Utils/EditorGUIHelper.cs" />
        <File uid="141" fullPath="C:/Users/ASUS/Documents/Nguyễn Ngọc Tâm/HỌC TẬP/FPT/HỌC KÌ SPRING 2026/BLOCK 2/3D/DỰ ÁN/LastDay/Assets/LAST DAYS/__KHOA/Flooded_Grounds/PostProcessing/Editor/Utils/EditorResources.cs" />
        <File uid="142" fullPath="C:/Users/ASUS/Documents/Nguyễn Ngọc Tâm/HỌC TẬP/FPT/HỌC KÌ SPRING 2026/BLOCK 2/3D/DỰ ÁN/LastDay/Assets/LAST DAYS/__KHOA/Flooded_Grounds/PostProcessing/Editor/Utils/FxStyles.cs" />
        <File uid="143" fullPath="C:/Users/ASUS/Documents/Nguyễn Ngọc Tâm/HỌC TẬP/FPT/HỌC KÌ SPRING 2026/BLOCK 2/3D/DỰ ÁN/LastDay/Assets/LAST DAYS/__KHOA/Flooded_Grounds/PostProcessing/Editor/Utils/ReflectionUtils.cs" />
      </Files>
      <Classes>
        <Class>
          <Summary numSequencePoints="20" visitedSequencePoints="20" numBranchPoints="0" visitedBranchPoints="0" sequenceCoverage="100.0" branchCoverage="0.0" maxCyclomaticComplexity="0" minCyclomaticComplexity="0" maxCrapScore="0" minCrapScore="0" visitedClasses="1" numClasses="1" visitedMethods="3" numMethods="3" />
          <FullName>MenuController</FullName>
          <Methods>
            <Method visited="true" cyclomaticComplexity="0" nPathComplexity="0" sequenceCoverage="100.0" branchCoverage="0" crapScore="0" isConstructor="false" isStatic="false" isGetter="false" isSetter="false">
              <Summary numSequencePoints="6" visitedSequencePoints="6" numBranchPoints="0" visitedBranchPoints="0" sequenceCoverage="100.0" branchCoverage="0" maxCyclomaticComplexity="0" minCyclomaticComplexity="0" maxCrapScore="0" minCrapScore="0" visitedClasses="0" numClasses="0" visitedMethods="1" numMethods="1" />
              <MetadataToken>100663387</MetadataToken>
              <Name>System.Void MenuController::Start()</Name>
              <FileRef uid="10" />
              <SequencePoints>
                <SequencePoint vc="3" uspid="21001" ordinal="0" offset="0" sl="14" sc="5" el="14" ec="5" bec="0" bev="0" fileid="10" />
                <SequencePoint vc="3" uspid="21002" ordinal="0" offset="1" sl="16" sc="9" el="16" ec="9" bec="0" bev="0" fileid="10" />
                <SequencePoint vc="2" uspid="21003" ordinal="0" offset="17" sl="17" sc="9" el="17" ec="9" bec="0" bev="0" fileid="10" />
                <SequencePoint vc="2" uspid="21004" ordinal="0" offset="18" sl="18" sc="13" el="18" ec="13" bec="0" bev="0" fileid="10" />
                <SequencePoint vc="2" uspid="21005" ordinal="0" offset="31" sl="19" sc="9" el="19" ec="9" bec="0" bev="0" fileid="10" />
                <SequencePoint vc="3" uspid="21006" ordinal="0" offset="32" sl="20" sc="5" el="20" ec="5" bec="0" bev="0" fileid="10" />
              </SequencePoints>
              <BranchPoints />
            </Method>
            <Method visited="true" cyclomaticComplexity="0" nPathComplexity="0" sequenceCoverage="100.0" branchCoverage="0" crapScore="0" isConstructor="false" isStatic="false" isGetter="false" isSetter="false">
              <Summary numSequencePoints="7" visitedSequencePoints="7" numBranchPoints="0" visitedBranchPoints="0" sequenceCoverage="100.0" branchCoverage="0" maxCyclomaticComplexity="0" minCyclomaticComplexity="0" maxCrapScore="0" minCrapScore="0" visitedClasses="0" numClasses="0" visitedMethods="1" numMethods="1" />
              <MetadataToken>100663393</MetadataToken>
              <Name>System.Void MenuController::GoToSettings()</Name>
              <FileRef uid="10" />
              <SequencePoints>
                <SequencePoint vc="6" uspid="21022" ordinal="0" offset="0" sl="50" sc="5" el="50" ec="5" bec="0" bev="0" fileid="10" />
                <SequencePoint vc="6" uspid="21023" ordinal="0" offset="1" sl="51" sc="9" el="51" ec="9" bec="0" bev="0" fileid="10" />
                <SequencePoint vc="6" uspid="21024" ordinal="0" offset="17" sl="52" sc="9" el="52" ec="9" bec="0" bev="0" fileid="10" />
                <SequencePoint vc="6" uspid="21025" ordinal="0" offset="18" sl="53" sc="13" el="53" ec="13" bec="0" bev="0" fileid="10" />
                <SequencePoint vc="6" uspid="21026" ordinal="0" offset="31" sl="54" sc="13" el="54" ec="13" bec="0" bev="0" fileid="10" />
                <SequencePoint vc="6" uspid="21027" ordinal="0" offset="44" sl="55" sc="9" el="55" ec="9" bec="0" bev="0" fileid="10" />
                <SequencePoint vc="6" uspid="21028" ordinal="0" offset="45" sl="56" sc="5" el="56" ec="5" bec="0" bev="0" fileid="10" />
              </SequencePoints>
              <BranchPoints />
            </Method>
            <Method visited="true" cyclomaticComplexity="0" nPathComplexity="0" sequenceCoverage="100.0" branchCoverage="0" crapScore="0" isConstructor="false" isStatic="false" isGetter="false" isSetter="false">
              <Summary numSequencePoints="7" visitedSequencePoints="7" numBranchPoints="0" visitedBranchPoints="0" sequenceCoverage="100.0" branchCoverage="0" maxCyclomaticComplexity="0" minCyclomaticComplexity="0" maxCrapScore="0" minCrapScore="0" visitedClasses="0" numClasses="0" visitedMethods="1" numMethods="1" />
              <MetadataToken>100663395</MetadataToken>
              <Name>System.Void MenuController::BackToMenu()</Name>
              <FileRef uid="10" />
              <SequencePoints>
                <SequencePoint vc="1" uspid="21034" ordinal="0" offset="0" sl="68" sc="5" el="68" ec="5" bec="0" bev="0" fileid="10" />
                <SequencePoint vc="1" uspid="21035" ordinal="0" offset="1" sl="69" sc="9" el="69" ec="9" bec="0" bev="0" fileid="10" />
                <SequencePoint vc="1" uspid="21036" ordinal="0" offset="17" sl="70" sc="9" el="70" ec="9" bec="0" bev="0" fileid="10" />
                <SequencePoint vc="1" uspid="21037" ordinal="0" offset="18" sl="71" sc="13" el="71" ec="13" bec="0" bev="0" fileid="10" />
                <SequencePoint vc="1" uspid="21038" ordinal="0" offset="31" sl="72" sc="13" el="72" ec="13" bec="0" bev="0" fileid="10" />
                <SequencePoint vc="1" uspid="21039" ordinal="0" offset="44" sl="73" sc="9" el="73" ec="9" bec="0" bev="0" fileid="10" />
                <SequencePoint vc="1" uspid="21040" ordinal="0" offset="45" sl="74" sc="5" el="74" ec="5" bec="0" bev="0" fileid="10" />
              </SequencePoints>
              <BranchPoints />
            </Method>
          </Methods>
        </Class>
        <Class>
          <Summary numSequencePoints="196" visitedSequencePoints="38" numBranchPoints="0" visitedBranchPoints="0" sequenceCoverage="19.39" branchCoverage="0.0" maxCyclomaticComplexity="0" minCyclomaticComplexity="0" maxCrapScore="0" minCrapScore="0" visitedClasses="1" numClasses="1" visitedMethods="2" numMethods="2" />
          <FullName>FolderAssetTool.FolderColorizer</FullName>
          <Methods>
            <Method visited="true" cyclomaticComplexity="0" nPathComplexity="0" sequenceCoverage="26.92" branchCoverage="0" crapScore="0" isConstructor="false" isStatic="true" isGetter="false" isSetter="false">
              <Summary numSequencePoints="104" visitedSequencePoints="28" numBranchPoints="0" visitedBranchPoints="0" sequenceCoverage="26.92" branchCoverage="0" maxCyclomaticComplexity="0" minCyclomaticComplexity="0" maxCrapScore="0" minCrapScore="0" visitedClasses="0" numClasses="0" visitedMethods="1" numMethods="1" />
              <MetadataToken>100663679</MetadataToken>
              <Name>static System.Void FolderAssetTool.FolderColorizer::OnProjectWindowItemGUI(System.String, UnityEngine.Rect)</Name>
              <FileRef uid="48" />
              <SequencePoints>
                <SequencePoint vc="792" uspid="24637" ordinal="0" offset="0" sl="36" sc="5" el="36" ec="5" bec="0" bev="0" fileid="48" />
                <SequencePoint vc="792" uspid="24638" ordinal="0" offset="1" sl="37" sc="9" el="37" ec="9" bec="0" bev="0" fileid="48" />
                <SequencePoint vc="0" uspid="24639" ordinal="0" offset="18" sl="38" sc="13" el="38" ec="13" bec="0" bev="0" fileid="48" />
                <SequencePoint vc="792" uspid="24640" ordinal="0" offset="23" sl="40" sc="9" el="40" ec="9" bec="0" bev="0" fileid="48" />
                <SequencePoint vc="792" uspid="24641" ordinal="0" offset="30" sl="42" sc="9" el="42" ec="9" bec="0" bev="0" fileid="48" />
                <SequencePoint vc="154" uspid="24642" ordinal="0" offset="42" sl="43" sc="13" el="43" ec="13" bec="0" bev="0" fileid="48" />
                <SequencePoint vc="638" uspid="24643" ordinal="0" offset="47" sl="45" sc="9" el="45" ec="9" bec="0" bev="0" fileid="48" />
                <SequencePoint vc="638" uspid="24644" ordinal="0" offset="65" sl="46" sc="9" el="46" ec="9" bec="0" bev="0" fileid="48" />
                <SequencePoint vc="638" uspid="24645" ordinal="0" offset="82" sl="50" sc="9" el="50" ec="9" bec="0" bev="0" fileid="48" />
                <SequencePoint vc="550" uspid="24646" ordinal="0" offset="89" sl="51" sc="9" el="51" ec="9" bec="0" bev="0" fileid="48" />
                <SequencePoint vc="550" uspid="24647" ordinal="0" offset="90" sl="52" sc="13" el="52" ec="13" bec="0" bev="0" fileid="48" />
                <SequencePoint vc="550" uspid="24648" ordinal="0" offset="121" sl="53" sc="9" el="53" ec="9" bec="0" bev="0" fileid="48" />
                <SequencePoint vc="88" uspid="24649" ordinal="0" offset="124" sl="54" sc="14" el="54" ec="14" bec="0" bev="0" fileid="48" />
                <SequencePoint vc="0" uspid="24650" ordinal="0" offset="131" sl="55" sc="9" el="55" ec="9" bec="0" bev="0" fileid="48" />
                <SequencePoint vc="0" uspid="24651" ordinal="0" offset="132" sl="56" sc="13" el="56" ec="13" bec="0" bev="0" fileid="48" />
                <SequencePoint vc="0" uspid="24652" ordinal="0" offset="141" sl="57" sc="13" el="57" ec="13" bec="0" bev="0" fileid="48" />
                <SequencePoint vc="0" uspid="24653" ordinal="0" offset="166" sl="58" sc="9" el="58" ec="9" bec="0" bev="0" fileid="48" />
                <SequencePoint vc="88" uspid="24654" ordinal="0" offset="169" sl="60" sc="9" el="60" ec="9" bec="0" bev="0" fileid="48" />
                <SequencePoint vc="88" uspid="24655" ordinal="0" offset="170" sl="61" sc="13" el="61" ec="13" bec="0" bev="0" fileid="48" />
                <SequencePoint vc="88" uspid="24656" ordinal="0" offset="179" sl="62" sc="13" el="62" ec="13" bec="0" bev="0" fileid="48" />
                <SequencePoint vc="88" uspid="24657" ordinal="0" offset="186" sl="63" sc="13" el="63" ec="13" bec="0" bev="0" fileid="48" />
                <SequencePoint vc="88" uspid="24658" ordinal="0" offset="214" sl="64" sc="9" el="64" ec="9" bec="0" bev="0" fileid="48" />
                <SequencePoint vc="638" uspid="24659" ordinal="0" offset="215" sl="66" sc="9" el="66" ec="9" bec="0" bev="0" fileid="48" />
                <SequencePoint vc="638" uspid="24660" ordinal="0" offset="228" sl="67" sc="9" el="67" ec="9" bec="0" bev="0" fileid="48" />
                <SequencePoint vc="638" uspid="24661" ordinal="0" offset="244" sl="68" sc="9" el="68" ec="9" bec="0" bev="0" fileid="48" />
                <SequencePoint vc="638" uspid="24662" ordinal="0" offset="260" sl="69" sc="9" el="69" ec="9" bec="0" bev="0" fileid="48" />
                <SequencePoint vc="638" uspid="24663" ordinal="0" offset="276" sl="71" sc="9" el="71" ec="9" bec="0" bev="0" fileid="48" />
                <SequencePoint vc="638" uspid="24664" ordinal="0" offset="289" sl="73" sc="9" el="73" ec="9" bec="0" bev="0" fileid="48" />
                <SequencePoint vc="0" uspid="24665" ordinal="0" offset="330" sl="74" sc="9" el="74" ec="9" bec="0" bev="0" fileid="48" />
                <SequencePoint vc="0" uspid="24666" ordinal="0" offset="331" sl="75" sc="13" el="75" ec="13" bec="0" bev="0" fileid="48" />
                <SequencePoint vc="0" uspid="24667" ordinal="0" offset="394" sl="76" sc="13" el="76" ec="13" bec="0" bev="0" fileid="48" />
                <SequencePoint vc="0" uspid="24668" ordinal="0" offset="427" sl="77" sc="13" el="77" ec="13" bec="0" bev="0" fileid="48" />
                <SequencePoint vc="0" uspid="24669" ordinal="0" offset="437" sl="78" sc="9" el="78" ec="9" bec="0" bev="0" fileid="48" />
                <SequencePoint vc="638" uspid="24670" ordinal="0" offset="438" sl="80" sc="9" el="80" ec="9" bec="0" bev="0" fileid="48" />
                <SequencePoint vc="0" uspid="24671" ordinal="0" offset="474" sl="81" sc="9" el="81" ec="9" bec="0" bev="0" fileid="48" />
                <SequencePoint vc="0" uspid="24672" ordinal="0" offset="475" sl="82" sc="13" el="82" ec="13" bec="0" bev="0" fileid="48" />
                <SequencePoint vc="0" uspid="24673" ordinal="0" offset="488" sl="84" sc="13" el="84" ec="13" bec="0" bev="0" fileid="48" />
                <SequencePoint vc="0" uspid="24674" ordinal="0" offset="502" sl="85" sc="13" el="85" ec="13" bec="0" bev="0" fileid="48" />
                <SequencePoint vc="0" uspid="24675" ordinal="0" offset="503" sl="86" sc="17" el="86" ec="17" bec="0" bev="0" fileid="48" />
                <SequencePoint vc="0" uspid="24676" ordinal="0" offset="510" sl="87" sc="17" el="87" ec="17" bec="0" bev="0" fileid="48" />
                <SequencePoint vc="0" uspid="24677" ordinal="0" offset="518" sl="88" sc="17" el="88" ec="17" bec="0" bev="0" fileid="48" />
                <SequencePoint vc="0" uspid="24678" ordinal="0" offset="527" sl="89" sc="17" el="89" ec="17" bec="0" bev="0" fileid="48" />
                <SequencePoint vc="0" uspid="24679" ordinal="0" offset="535" sl="90" sc="13" el="90" ec="13" bec="0" bev="0" fileid="48" />
                <SequencePoint vc="0" uspid="24680" ordinal="0" offset="536" sl="91" sc="9" el="91" ec="9" bec="0" bev="0" fileid="48" />
                <SequencePoint vc="638" uspid="24681" ordinal="0" offset="537" sl="93" sc="9" el="93" ec="9" bec="0" bev="0" fileid="48" />
                <SequencePoint vc="0" uspid="24682" ordinal="0" offset="557" sl="94" sc="9" el="94" ec="9" bec="0" bev="0" fileid="48" />
                <SequencePoint vc="0" uspid="24683" ordinal="0" offset="558" sl="95" sc="13" el="95" ec="13" bec="0" bev="0" fileid="48" />
                <SequencePoint vc="0" uspid="24684" ordinal="0" offset="585" sl="96" sc="13" el="96" ec="13" bec="0" bev="0" fileid="48" />
                <SequencePoint vc="0" uspid="24685" ordinal="0" offset="598" sl="98" sc="13" el="98" ec="13" bec="0" bev="0" fileid="48" />
                <SequencePoint vc="0" uspid="24686" ordinal="0" offset="615" sl="99" sc="13" el="99" ec="13" bec="0" bev="0" fileid="48" />
                <SequencePoint vc="0" uspid="24687" ordinal="0" offset="616" sl="100" sc="17" el="100" ec="17" bec="0" bev="0" fileid="48" />
                <SequencePoint vc="0" uspid="24688" ordinal="0" offset="625" sl="102" sc="22" el="102" ec="22" bec="0" bev="0" fileid="48" />
                <SequencePoint vc="0" uspid="24689" ordinal="0" offset="635" sl="103" sc="17" el="103" ec="17" bec="0" bev="0" fileid="48" />
                <SequencePoint vc="0" uspid="24690" ordinal="0" offset="636" sl="104" sc="26" el="104" ec="26" bec="0" bev="0" fileid="48" />
                <SequencePoint vc="0" uspid="24691" ordinal="0" offset="643" sl="105" sc="21" el="105" ec="21" bec="0" bev="0" fileid="48" />
                <SequencePoint vc="0" uspid="24692" ordinal="0" offset="644" sl="106" sc="25" el="106" ec="25" bec="0" bev="0" fileid="48" />
                <SequencePoint vc="0" uspid="24693" ordinal="0" offset="662" sl="107" sc="29" el="107" ec="29" bec="0" bev="0" fileid="48" />
                <SequencePoint vc="0" uspid="24694" ordinal="0" offset="664" sl="109" sc="25" el="109" ec="25" bec="0" bev="0" fileid="48" />
                <SequencePoint vc="0" uspid="24695" ordinal="0" offset="707" sl="110" sc="25" el="110" ec="25" bec="0" bev="0" fileid="48" />
                <SequencePoint vc="0" uspid="24696" ordinal="0" offset="714" sl="111" sc="25" el="111" ec="25" bec="0" bev="0" fileid="48" />
                <SequencePoint vc="0" uspid="24697" ordinal="0" offset="722" sl="112" sc="25" el="112" ec="25" bec="0" bev="0" fileid="48" />
                <SequencePoint vc="0" uspid="24698" ordinal="0" offset="732" sl="113" sc="25" el="113" ec="25" bec="0" bev="0" fileid="48" />
                <SequencePoint vc="0" uspid="24699" ordinal="0" offset="740" sl="114" sc="21" el="114" ec="21" bec="0" bev="0" fileid="48" />
                <SequencePoint vc="0" uspid="24700" ordinal="0" offset="741" sl="104" sc="66" el="104" ec="66" bec="0" bev="0" fileid="48" />
                <SequencePoint vc="0" uspid="24701" ordinal="0" offset="747" sl="104" sc="48" el="104" ec="48" bec="0" bev="0" fileid="48" />
                <SequencePoint vc="0" uspid="24702" ordinal="0" offset="762" sl="115" sc="17" el="115" ec="17" bec="0" bev="0" fileid="48" />
                <SequencePoint vc="0" uspid="24703" ordinal="0" offset="763" sl="102" sc="62" el="102" ec="62" bec="0" bev="0" fileid="48" />
                <SequencePoint vc="0" uspid="24704" ordinal="0" offset="769" sl="102" sc="44" el="102" ec="44" bec="0" bev="0" fileid="48" />
                <SequencePoint vc="0" uspid="24705" ordinal="0" offset="787" sl="117" sc="17" el="117" ec="17" bec="0" bev="0" fileid="48" />
                <SequencePoint vc="0" uspid="24706" ordinal="0" offset="805" sl="118" sc="17" el="118" ec="17" bec="0" bev="0" fileid="48" />
                <SequencePoint vc="0" uspid="24707" ordinal="0" offset="806" sl="119" sc="21" el="119" ec="21" bec="0" bev="0" fileid="48" />
                <SequencePoint vc="0" uspid="24708" ordinal="0" offset="813" sl="120" sc="21" el="120" ec="21" bec="0" bev="0" fileid="48" />
                <SequencePoint vc="0" uspid="24709" ordinal="0" offset="821" sl="121" sc="21" el="121" ec="21" bec="0" bev="0" fileid="48" />
                <SequencePoint vc="0" uspid="24710" ordinal="0" offset="830" sl="122" sc="21" el="122" ec="21" bec="0" bev="0" fileid="48" />
                <SequencePoint vc="0" uspid="24711" ordinal="0" offset="838" sl="123" sc="17" el="123" ec="17" bec="0" bev="0" fileid="48" />
                <SequencePoint vc="0" uspid="24712" ordinal="0" offset="841" sl="125" sc="17" el="125" ec="17" bec="0" bev="0" fileid="48" />
                <SequencePoint vc="0" uspid="24713" ordinal="0" offset="842" sl="126" sc="21" el="126" ec="21" bec="0" bev="0" fileid="48" />
                <SequencePoint vc="0" uspid="24714" ordinal="0" offset="851" sl="127" sc="17" el="127" ec="17" bec="0" bev="0" fileid="48" />
                <SequencePoint vc="0" uspid="24715" ordinal="0" offset="852" sl="128" sc="13" el="128" ec="13" bec="0" bev="0" fileid="48" />
                <SequencePoint vc="0" uspid="24716" ordinal="0" offset="853" sl="129" sc="9" el="129" ec="9" bec="0" bev="0" fileid="48" />
                <SequencePoint vc="638" uspid="24717" ordinal="0" offset="854" sl="131" sc="9" el="131" ec="9" bec="0" bev="0" fileid="48" />
                <SequencePoint vc="638" uspid="24718" ordinal="0" offset="867" sl="132" sc="9" el="132" ec="9" bec="0" bev="0" fileid="48" />
                <SequencePoint vc="0" uspid="24719" ordinal="0" offset="901" sl="133" sc="9" el="133" ec="9" bec="0" bev="0" fileid="48" />
                <SequencePoint vc="0" uspid="24720" ordinal="0" offset="902" sl="134" sc="13" el="134" ec="13" bec="0" bev="0" fileid="48" />
                <SequencePoint vc="0" uspid="24721" ordinal="0" offset="961" sl="136" sc="13" el="136" ec="13" bec="0" bev="0" fileid="48" />
                <SequencePoint vc="0" uspid="24722" ordinal="0" offset="969" sl="137" sc="13" el="137" ec="13" bec="0" bev="0" fileid="48" />
                <SequencePoint vc="0" uspid="24723" ordinal="0" offset="970" sl="138" sc="17" el="138" ec="17" bec="0" bev="0" fileid="48" />
                <SequencePoint vc="0" uspid="24724" ordinal="0" offset="989" sl="139" sc="17" el="139" ec="17" bec="0" bev="0" fileid="48" />
                <SequencePoint vc="0" uspid="24725" ordinal="0" offset="1003" sl="140" sc="17" el="140" ec="17" bec="0" bev="0" fileid="48" />
                <SequencePoint vc="0" uspid="24726" ordinal="0" offset="1004" sl="141" sc="21" el="141" ec="21" bec="0" bev="0" fileid="48" />
                <SequencePoint vc="0" uspid="24727" ordinal="0" offset="1016" sl="142" sc="21" el="142" ec="21" bec="0" bev="0" fileid="48" />
                <SequencePoint vc="0" uspid="24728" ordinal="0" offset="1075" sl="143" sc="21" el="143" ec="21" bec="0" bev="0" fileid="48" />
                <SequencePoint vc="0" uspid="24729" ordinal="0" offset="1085" sl="144" sc="17" el="144" ec="17" bec="0" bev="0" fileid="48" />
                <SequencePoint vc="0" uspid="24730" ordinal="0" offset="1086" sl="145" sc="13" el="145" ec="13" bec="0" bev="0" fileid="48" />
                <SequencePoint vc="0" uspid="24731" ordinal="0" offset="1089" sl="147" sc="13" el="147" ec="13" bec="0" bev="0" fileid="48" />
                <SequencePoint vc="0" uspid="24732" ordinal="0" offset="1090" sl="148" sc="17" el="148" ec="17" bec="0" bev="0" fileid="48" />
                <SequencePoint vc="0" uspid="24733" ordinal="0" offset="1097" sl="149" sc="17" el="149" ec="17" bec="0" bev="0" fileid="48" />
                <SequencePoint vc="0" uspid="24734" ordinal="0" offset="1126" sl="150" sc="17" el="150" ec="17" bec="0" bev="0" fileid="48" />
                <SequencePoint vc="0" uspid="24735" ordinal="0" offset="1135" sl="151" sc="17" el="151" ec="17" bec="0" bev="0" fileid="48" />
                <SequencePoint vc="0" uspid="24736" ordinal="0" offset="1153" sl="153" sc="17" el="153" ec="17" bec="0" bev="0" fileid="48" />
                <SequencePoint vc="0" uspid="24737" ordinal="0" offset="1188" sl="154" sc="17" el="154" ec="17" bec="0" bev="0" fileid="48" />
                <SequencePoint vc="0" uspid="24738" ordinal="0" offset="1200" sl="155" sc="13" el="155" ec="13" bec="0" bev="0" fileid="48" />
                <SequencePoint vc="0" uspid="24739" ordinal="0" offset="1201" sl="156" sc="9" el="156" ec="9" bec="0" bev="0" fileid="48" />
                <SequencePoint vc="792" uspid="24740" ordinal="0" offset="1202" sl="157" sc="5" el="157" ec="5" bec="0" bev="0" fileid="48" />
              </SequencePoints>
              <BranchPoints />
            </Method>
            <Method visited="true" cyclomaticComplexity="0" nPathComplexity="0" sequenceCoverage="10.87" branchCoverage="0" crapScore="0" isConstructor="false" isStatic="true" isGetter="false" isSetter="false">
              <Summary numSequencePoints="92" visitedSequencePoints="10" numBranchPoints="0" visitedBranchPoints="0" sequenceCoverage="10.87" branchCoverage="0" maxCyclomaticComplexity="0" minCyclomaticComplexity="0" maxCrapScore="0" minCrapScore="0" visitedClasses="0" numClasses="0" visitedMethods="1" numMethods="1" />
              <MetadataToken>100663680</MetadataToken>
              <Name>static System.Void FolderAssetTool.FolderColorizer::OnHierarchyWindowItemGUI(System.Int32, UnityEngine.Rect)</Name>
              <FileRef uid="48" />
              <SequencePoints>
                <SequencePoint vc="572" uspid="24741" ordinal="0" offset="0" sl="160" sc="5" el="160" ec="5" bec="0" bev="0" fileid="48" />
                <SequencePoint vc="572" uspid="24742" ordinal="0" offset="1" sl="161" sc="9" el="161" ec="9" bec="0" bev="0" fileid="48" />
                <SequencePoint vc="0" uspid="24743" ordinal="0" offset="18" sl="162" sc="13" el="162" ec="13" bec="0" bev="0" fileid="48" />
                <SequencePoint vc="572" uspid="24744" ordinal="0" offset="23" sl="164" sc="9" el="164" ec="9" bec="0" bev="0" fileid="48" />
                <SequencePoint vc="572" uspid="24745" ordinal="0" offset="35" sl="165" sc="9" el="165" ec="9" bec="0" bev="0" fileid="48" />
                <SequencePoint vc="294" uspid="24746" ordinal="0" offset="48" sl="166" sc="13" el="166" ec="13" bec="0" bev="0" fileid="48" />
                <SequencePoint vc="278" uspid="24747" ordinal="0" offset="53" sl="168" sc="9" el="168" ec="9" bec="0" bev="0" fileid="48" />
                <SequencePoint vc="278" uspid="24748" ordinal="0" offset="70" sl="170" sc="9" el="170" ec="9" bec="0" bev="0" fileid="48" />
                <SequencePoint vc="278" uspid="24749" ordinal="0" offset="82" sl="171" sc="9" el="171" ec="9" bec="0" bev="0" fileid="48" />
                <SequencePoint vc="278" uspid="24750" ordinal="0" offset="92" sl="172" sc="13" el="172" ec="13" bec="0" bev="0" fileid="48" />
                <SequencePoint vc="0" uspid="24751" ordinal="0" offset="97" sl="174" sc="9" el="174" ec="9" bec="0" bev="0" fileid="48" />
                <SequencePoint vc="0" uspid="24752" ordinal="0" offset="104" sl="175" sc="9" el="175" ec="9" bec="0" bev="0" fileid="48" />
                <SequencePoint vc="0" uspid="24753" ordinal="0" offset="112" sl="176" sc="9" el="176" ec="9" bec="0" bev="0" fileid="48" />
                <SequencePoint vc="0" uspid="24754" ordinal="0" offset="120" sl="178" sc="9" el="178" ec="9" bec="0" bev="0" fileid="48" />
                <SequencePoint vc="0" uspid="24755" ordinal="0" offset="128" sl="180" sc="9" el="180" ec="9" bec="0" bev="0" fileid="48" />
                <SequencePoint vc="0" uspid="24756" ordinal="0" offset="159" sl="182" sc="9" el="182" ec="9" bec="0" bev="0" fileid="48" />
                <SequencePoint vc="0" uspid="24757" ordinal="0" offset="195" sl="183" sc="9" el="183" ec="9" bec="0" bev="0" fileid="48" />
                <SequencePoint vc="0" uspid="24758" ordinal="0" offset="196" sl="184" sc="13" el="184" ec="13" bec="0" bev="0" fileid="48" />
                <SequencePoint vc="0" uspid="24759" ordinal="0" offset="243" sl="185" sc="13" el="185" ec="13" bec="0" bev="0" fileid="48" />
                <SequencePoint vc="0" uspid="24760" ordinal="0" offset="276" sl="186" sc="13" el="186" ec="13" bec="0" bev="0" fileid="48" />
                <SequencePoint vc="0" uspid="24761" ordinal="0" offset="286" sl="187" sc="9" el="187" ec="9" bec="0" bev="0" fileid="48" />
                <SequencePoint vc="0" uspid="24762" ordinal="0" offset="287" sl="189" sc="9" el="189" ec="9" bec="0" bev="0" fileid="48" />
                <SequencePoint vc="0" uspid="24763" ordinal="0" offset="322" sl="190" sc="9" el="190" ec="9" bec="0" bev="0" fileid="48" />
                <SequencePoint vc="0" uspid="24764" ordinal="0" offset="323" sl="191" sc="13" el="191" ec="13" bec="0" bev="0" fileid="48" />
                <SequencePoint vc="0" uspid="24765" ordinal="0" offset="347" sl="193" sc="13" el="193" ec="13" bec="0" bev="0" fileid="48" />
                <SequencePoint vc="0" uspid="24766" ordinal="0" offset="361" sl="194" sc="13" el="194" ec="13" bec="0" bev="0" fileid="48" />
                <SequencePoint vc="0" uspid="24767" ordinal="0" offset="362" sl="195" sc="17" el="195" ec="17" bec="0" bev="0" fileid="48" />
                <SequencePoint vc="0" uspid="24768" ordinal="0" offset="369" sl="196" sc="17" el="196" ec="17" bec="0" bev="0" fileid="48" />
                <SequencePoint vc="0" uspid="24769" ordinal="0" offset="377" sl="197" sc="17" el="197" ec="17" bec="0" bev="0" fileid="48" />
                <SequencePoint vc="0" uspid="24770" ordinal="0" offset="387" sl="198" sc="17" el="198" ec="17" bec="0" bev="0" fileid="48" />
                <SequencePoint vc="0" uspid="24771" ordinal="0" offset="395" sl="199" sc="13" el="199" ec="13" bec="0" bev="0" fileid="48" />
                <SequencePoint vc="0" uspid="24772" ordinal="0" offset="396" sl="200" sc="9" el="200" ec="9" bec="0" bev="0" fileid="48" />
                <SequencePoint vc="0" uspid="24773" ordinal="0" offset="397" sl="202" sc="9" el="202" ec="9" bec="0" bev="0" fileid="48" />
                <SequencePoint vc="0" uspid="24774" ordinal="0" offset="417" sl="203" sc="9" el="203" ec="9" bec="0" bev="0" fileid="48" />
                <SequencePoint vc="0" uspid="24775" ordinal="0" offset="418" sl="204" sc="13" el="204" ec="13" bec="0" bev="0" fileid="48" />
                <SequencePoint vc="0" uspid="24776" ordinal="0" offset="445" sl="205" sc="13" el="205" ec="13" bec="0" bev="0" fileid="48" />
                <SequencePoint vc="0" uspid="24777" ordinal="0" offset="448" sl="207" sc="13" el="207" ec="13" bec="0" bev="0" fileid="48" />
                <SequencePoint vc="0" uspid="24778" ordinal="0" offset="472" sl="208" sc="13" el="208" ec="13" bec="0" bev="0" fileid="48" />
                <SequencePoint vc="0" uspid="24779" ordinal="0" offset="489" sl="209" sc="13" el="209" ec="13" bec="0" bev="0" fileid="48" />
                <SequencePoint vc="0" uspid="24780" ordinal="0" offset="490" sl="210" sc="22" el="210" ec="22" bec="0" bev="0" fileid="48" />
                <SequencePoint vc="0" uspid="24781" ordinal="0" offset="500" sl="211" sc="17" el="211" ec="17" bec="0" bev="0" fileid="48" />
                <SequencePoint vc="0" uspid="24782" ordinal="0" offset="501" sl="212" sc="26" el="212" ec="26" bec="0" bev="0" fileid="48" />
                <SequencePoint vc="0" uspid="24783" ordinal="0" offset="508" sl="213" sc="21" el="213" ec="21" bec="0" bev="0" fileid="48" />
                <SequencePoint vc="0" uspid="24784" ordinal="0" offset="509" sl="214" sc="25" el="214" ec="25" bec="0" bev="0" fileid="48" />
                <SequencePoint vc="0" uspid="24785" ordinal="0" offset="527" sl="215" sc="29" el="215" ec="29" bec="0" bev="0" fileid="48" />
                <SequencePoint vc="0" uspid="24786" ordinal="0" offset="529" sl="217" sc="25" el="217" ec="25" bec="0" bev="0" fileid="48" />
                <SequencePoint vc="0" uspid="24787" ordinal="0" offset="572" sl="218" sc="25" el="218" ec="25" bec="0" bev="0" fileid="48" />
                <SequencePoint vc="0" uspid="24788" ordinal="0" offset="579" sl="219" sc="25" el="219" ec="25" bec="0" bev="0" fileid="48" />
                <SequencePoint vc="0" uspid="24789" ordinal="0" offset="587" sl="220" sc="25" el="220" ec="25" bec="0" bev="0" fileid="48" />
                <SequencePoint vc="0" uspid="24790" ordinal="0" offset="597" sl="221" sc="25" el="221" ec="25" bec="0" bev="0" fileid="48" />
                <SequencePoint vc="0" uspid="24791" ordinal="0" offset="605" sl="222" sc="21" el="222" ec="21" bec="0" bev="0" fileid="48" />
                <SequencePoint vc="0" uspid="24792" ordinal="0" offset="606" sl="212" sc="66" el="212" ec="66" bec="0" bev="0" fileid="48" />
                <SequencePoint vc="0" uspid="24793" ordinal="0" offset="612" sl="212" sc="48" el="212" ec="48" bec="0" bev="0" fileid="48" />
                <SequencePoint vc="0" uspid="24794" ordinal="0" offset="627" sl="223" sc="17" el="223" ec="17" bec="0" bev="0" fileid="48" />
                <SequencePoint vc="0" uspid="24795" ordinal="0" offset="628" sl="210" sc="62" el="210" ec="62" bec="0" bev="0" fileid="48" />
                <SequencePoint vc="0" uspid="24796" ordinal="0" offset="634" sl="210" sc="44" el="210" ec="44" bec="0" bev="0" fileid="48" />
                <SequencePoint vc="0" uspid="24797" ordinal="0" offset="652" sl="225" sc="17" el="225" ec="17" bec="0" bev="0" fileid="48" />
                <SequencePoint vc="0" uspid="24798" ordinal="0" offset="670" sl="226" sc="17" el="226" ec="17" bec="0" bev="0" fileid="48" />
                <SequencePoint vc="0" uspid="24799" ordinal="0" offset="671" sl="227" sc="21" el="227" ec="21" bec="0" bev="0" fileid="48" />
                <SequencePoint vc="0" uspid="24800" ordinal="0" offset="678" sl="228" sc="21" el="228" ec="21" bec="0" bev="0" fileid="48" />
                <SequencePoint vc="0" uspid="24801" ordinal="0" offset="686" sl="229" sc="21" el="229" ec="21" bec="0" bev="0" fileid="48" />
                <SequencePoint vc="0" uspid="24802" ordinal="0" offset="696" sl="230" sc="21" el="230" ec="21" bec="0" bev="0" fileid="48" />
                <SequencePoint vc="0" uspid="24803" ordinal="0" offset="704" sl="231" sc="17" el="231" ec="17" bec="0" bev="0" fileid="48" />
                <SequencePoint vc="0" uspid="24804" ordinal="0" offset="707" sl="233" sc="17" el="233" ec="17" bec="0" bev="0" fileid="48" />
                <SequencePoint vc="0" uspid="24805" ordinal="0" offset="708" sl="234" sc="21" el="234" ec="21" bec="0" bev="0" fileid="48" />
                <SequencePoint vc="0" uspid="24806" ordinal="0" offset="718" sl="235" sc="17" el="235" ec="17" bec="0" bev="0" fileid="48" />
                <SequencePoint vc="0" uspid="24807" ordinal="0" offset="719" sl="236" sc="13" el="236" ec="13" bec="0" bev="0" fileid="48" />
                <SequencePoint vc="0" uspid="24808" ordinal="0" offset="720" sl="237" sc="9" el="237" ec="9" bec="0" bev="0" fileid="48" />
                <SequencePoint vc="0" uspid="24809" ordinal="0" offset="721" sl="239" sc="9" el="239" ec="9" bec="0" bev="0" fileid="48" />
                <SequencePoint vc="0" uspid="24810" ordinal="0" offset="734" sl="240" sc="9" el="240" ec="9" bec="0" bev="0" fileid="48" />
                <SequencePoint vc="0" uspid="24811" ordinal="0" offset="768" sl="241" sc="9" el="241" ec="9" bec="0" bev="0" fileid="48" />
                <SequencePoint vc="0" uspid="24812" ordinal="0" offset="769" sl="242" sc="13" el="242" ec="13" bec="0" bev="0" fileid="48" />
                <SequencePoint vc="0" uspid="24813" ordinal="0" offset="828" sl="244" sc="13" el="244" ec="13" bec="0" bev="0" fileid="48" />
                <SequencePoint vc="0" uspid="24814" ordinal="0" offset="836" sl="245" sc="13" el="245" ec="13" bec="0" bev="0" fileid="48" />
                <SequencePoint vc="0" uspid="24815" ordinal="0" offset="837" sl="246" sc="17" el="246" ec="17" bec="0" bev="0" fileid="48" />
                <SequencePoint vc="0" uspid="24816" ordinal="0" offset="856" sl="247" sc="17" el="247" ec="17" bec="0" bev="0" fileid="48" />
                <SequencePoint vc="0" uspid="24817" ordinal="0" offset="870" sl="248" sc="17" el="248" ec="17" bec="0" bev="0" fileid="48" />
                <SequencePoint vc="0" uspid="24818" ordinal="0" offset="871" sl="249" sc="21" el="249" ec="21" bec="0" bev="0" fileid="48" />
                <SequencePoint vc="0" uspid="24819" ordinal="0" offset="878" sl="250" sc="21" el="250" ec="21" bec="0" bev="0" fileid="48" />
                <SequencePoint vc="0" uspid="24820" ordinal="0" offset="920" sl="251" sc="21" el="251" ec="21" bec="0" bev="0" fileid="48" />
                <SequencePoint vc="0" uspid="24821" ordinal="0" offset="930" sl="252" sc="17" el="252" ec="17" bec="0" bev="0" fileid="48" />
                <SequencePoint vc="0" uspid="24822" ordinal="0" offset="931" sl="253" sc="13" el="253" ec="13" bec="0" bev="0" fileid="48" />
                <SequencePoint vc="0" uspid="24823" ordinal="0" offset="934" sl="255" sc="13" el="255" ec="13" bec="0" bev="0" fileid="48" />
                <SequencePoint vc="0" uspid="24824" ordinal="0" offset="935" sl="256" sc="17" el="256" ec="17" bec="0" bev="0" fileid="48" />
                <SequencePoint vc="0" uspid="24825" ordinal="0" offset="942" sl="257" sc="17" el="257" ec="17" bec="0" bev="0" fileid="48" />
                <SequencePoint vc="0" uspid="24826" ordinal="0" offset="952" sl="258" sc="17" el="258" ec="17" bec="0" bev="0" fileid="48" />
                <SequencePoint vc="0" uspid="24827" ordinal="0" offset="961" sl="259" sc="17" el="259" ec="17" bec="0" bev="0" fileid="48" />
                <SequencePoint vc="0" uspid="24828" ordinal="0" offset="979" sl="261" sc="17" el="261" ec="17" bec="0" bev="0" fileid="48" />
                <SequencePoint vc="0" uspid="24829" ordinal="0" offset="1020" sl="262" sc="17" el="262" ec="17" bec="0" bev="0" fileid="48" />
                <SequencePoint vc="0" uspid="24830" ordinal="0" offset="1032" sl="263" sc="13" el="263" ec="13" bec="0" bev="0" fileid="48" />
                <SequencePoint vc="0" uspid="24831" ordinal="0" offset="1033" sl="264" sc="9" el="264" ec="9" bec="0" bev="0" fileid="48" />
                <SequencePoint vc="572" uspid="24832" ordinal="0" offset="1034" sl="265" sc="5" el="265" ec="5" bec="0" bev="0" fileid="48" />
              </SequencePoints>
              <BranchPoints />
            </Method>
          </Methods>
        </Class>
        <Class>
          <Summary numSequencePoints="44" visitedSequencePoints="24" numBranchPoints="0" visitedBranchPoints="0" sequenceCoverage="54.55" branchCoverage="0.0" maxCyclomaticComplexity="0" minCyclomaticComplexity="0" maxCrapScore="0" minCrapScore="0" visitedClasses="1" numClasses="1" visitedMethods="4" numMethods="4" />
          <FullName>FolderAssetTool.FolderColorSettings</FullName>
          <Methods>
            <Method visited="true" cyclomaticComplexity="0" nPathComplexity="0" sequenceCoverage="54.55" branchCoverage="0" crapScore="0" isConstructor="false" isStatic="false" isGetter="false" isSetter="false">
              <Summary numSequencePoints="11" visitedSequencePoints="6" numBranchPoints="0" visitedBranchPoints="0" sequenceCoverage="54.55" branchCoverage="0" maxCyclomaticComplexity="0" minCyclomaticComplexity="0" maxCrapScore="0" minCrapScore="0" visitedClasses="0" numClasses="0" visitedMethods="1" numMethods="1" />
              <MetadataToken>100663694</MetadataToken>
              <Name>UnityEngine.Color FolderAssetTool.FolderColorSettings::GetFolderColor(System.String)</Name>
              <FileRef uid="49" />
              <SequencePoints>
                <SequencePoint vc="638" uspid="24915" ordinal="0" offset="0" sl="28" sc="9" el="28" ec="9" bec="0" bev="0" fileid="49" />
                <SequencePoint vc="638" uspid="24916" ordinal="0" offset="1" sl="29" sc="13" el="29" ec="13" bec="0" bev="0" fileid="49" />
                <SequencePoint vc="638" uspid="24917" ordinal="0" offset="2" sl="29" sc="34" el="29" ec="34" bec="0" bev="0" fileid="49" />
                <SequencePoint vc="0" uspid="24918" ordinal="0" offset="16" sl="29" sc="22" el="29" ec="22" bec="0" bev="0" fileid="49" />
                <SequencePoint vc="0" uspid="24919" ordinal="0" offset="24" sl="30" sc="13" el="30" ec="13" bec="0" bev="0" fileid="49" />
                <SequencePoint vc="0" uspid="24920" ordinal="0" offset="25" sl="31" sc="17" el="31" ec="17" bec="0" bev="0" fileid="49" />
                <SequencePoint vc="0" uspid="24921" ordinal="0" offset="41" sl="32" sc="21" el="32" ec="21" bec="0" bev="0" fileid="49" />
                <SequencePoint vc="0" uspid="24922" ordinal="0" offset="50" sl="33" sc="13" el="33" ec="13" bec="0" bev="0" fileid="49" />
                <SequencePoint vc="638" uspid="24923" ordinal="0" offset="51" sl="29" sc="31" el="29" ec="31" bec="0" bev="0" fileid="49" />
                <SequencePoint vc="638" uspid="24924" ordinal="0" offset="77" sl="34" sc="13" el="34" ec="13" bec="0" bev="0" fileid="49" />
                <SequencePoint vc="638" uspid="24925" ordinal="0" offset="85" sl="35" sc="9" el="35" ec="9" bec="0" bev="0" fileid="49" />
              </SequencePoints>
              <BranchPoints />
            </Method>
            <Method visited="true" cyclomaticComplexity="0" nPathComplexity="0" sequenceCoverage="54.55" branchCoverage="0" crapScore="0" isConstructor="false" isStatic="false" isGetter="false" isSetter="false">
              <Summary numSequencePoints="11" visitedSequencePoints="6" numBranchPoints="0" visitedBranchPoints="0" sequenceCoverage="54.55" branchCoverage="0" maxCyclomaticComplexity="0" minCyclomaticComplexity="0" maxCrapScore="0" minCrapScore="0" visitedClasses="0" numClasses="0" visitedMethods="1" numMethods="1" />
              <MetadataToken>100663698</MetadataToken>
              <Name>System.String FolderAssetTool.FolderColorSettings::GetEmoji(System.String)</Name>
              <FileRef uid="49" />
              <SequencePoints>
                <SequencePoint vc="638" uspid="24945" ordinal="0" offset="0" sl="62" sc="9" el="62" ec="9" bec="0" bev="0" fileid="49" />
                <SequencePoint vc="638" uspid="24946" ordinal="0" offset="1" sl="63" sc="13" el="63" ec="13" bec="0" bev="0" fileid="49" />
                <SequencePoint vc="638" uspid="24947" ordinal="0" offset="2" sl="63" sc="34" el="63" ec="34" bec="0" bev="0" fileid="49" />
                <SequencePoint vc="0" uspid="24948" ordinal="0" offset="16" sl="63" sc="22" el="63" ec="22" bec="0" bev="0" fileid="49" />
                <SequencePoint vc="0" uspid="24949" ordinal="0" offset="24" sl="64" sc="13" el="64" ec="13" bec="0" bev="0" fileid="49" />
                <SequencePoint vc="0" uspid="24950" ordinal="0" offset="25" sl="65" sc="17" el="65" ec="17" bec="0" bev="0" fileid="49" />
                <SequencePoint vc="0" uspid="24951" ordinal="0" offset="41" sl="66" sc="21" el="66" ec="21" bec="0" bev="0" fileid="49" />
                <SequencePoint vc="0" uspid="24952" ordinal="0" offset="50" sl="67" sc="13" el="67" ec="13" bec="0" bev="0" fileid="49" />
                <SequencePoint vc="638" uspid="24953" ordinal="0" offset="51" sl="63" sc="31" el="63" ec="31" bec="0" bev="0" fileid="49" />
                <SequencePoint vc="638" uspid="24954" ordinal="0" offset="77" sl="68" sc="13" el="68" ec="13" bec="0" bev="0" fileid="49" />
                <SequencePoint vc="638" uspid="24955" ordinal="0" offset="85" sl="69" sc="9" el="69" ec="9" bec="0" bev="0" fileid="49" />
              </SequencePoints>
              <BranchPoints />
            </Method>
            <Method visited="true" cyclomaticComplexity="0" nPathComplexity="0" sequenceCoverage="54.55" branchCoverage="0" crapScore="0" isConstructor="false" isStatic="false" isGetter="false" isSetter="false">
              <Summary numSequencePoints="11" visitedSequencePoints="6" numBranchPoints="0" visitedBranchPoints="0" sequenceCoverage="54.55" branchCoverage="0" maxCyclomaticComplexity="0" minCyclomaticComplexity="0" maxCrapScore="0" minCrapScore="0" visitedClasses="0" numClasses="0" visitedMethods="1" numMethods="1" />
              <MetadataToken>100663701</MetadataToken>
              <Name>System.Boolean FolderAssetTool.FolderColorSettings::IsFavorite(System.String)</Name>
              <FileRef uid="49" />
              <SequencePoints>
                <SequencePoint vc="638" uspid="24980" ordinal="0" offset="0" sl="96" sc="9" el="96" ec="9" bec="0" bev="0" fileid="49" />
                <SequencePoint vc="638" uspid="24981" ordinal="0" offset="1" sl="97" sc="13" el="97" ec="13" bec="0" bev="0" fileid="49" />
                <SequencePoint vc="638" uspid="24982" ordinal="0" offset="2" sl="97" sc="34" el="97" ec="34" bec="0" bev="0" fileid="49" />
                <SequencePoint vc="0" uspid="24983" ordinal="0" offset="16" sl="97" sc="22" el="97" ec="22" bec="0" bev="0" fileid="49" />
                <SequencePoint vc="0" uspid="24984" ordinal="0" offset="24" sl="98" sc="13" el="98" ec="13" bec="0" bev="0" fileid="49" />
                <SequencePoint vc="0" uspid="24985" ordinal="0" offset="25" sl="99" sc="17" el="99" ec="17" bec="0" bev="0" fileid="49" />
                <SequencePoint vc="0" uspid="24986" ordinal="0" offset="41" sl="100" sc="21" el="100" ec="21" bec="0" bev="0" fileid="49" />
                <SequencePoint vc="0" uspid="24987" ordinal="0" offset="50" sl="101" sc="13" el="101" ec="13" bec="0" bev="0" fileid="49" />
                <SequencePoint vc="638" uspid="24988" ordinal="0" offset="51" sl="97" sc="31" el="97" ec="31" bec="0" bev="0" fileid="49" />
                <SequencePoint vc="638" uspid="24989" ordinal="0" offset="77" sl="102" sc="13" el="102" ec="13" bec="0" bev="0" fileid="49" />
                <SequencePoint vc="638" uspid="24990" ordinal="0" offset="81" sl="103" sc="9" el="103" ec="9" bec="0" bev="0" fileid="49" />
              </SequencePoints>
              <BranchPoints />
            </Method>
            <Method visited="true" cyclomaticComplexity="0" nPathComplexity="0" sequenceCoverage="54.55" branchCoverage="0" crapScore="0" isConstructor="false" isStatic="false" isGetter="false" isSetter="false">
              <Summary numSequencePoints="11" visitedSequencePoints="6" numBranchPoints="0" visitedBranchPoints="0" sequenceCoverage="54.55" branchCoverage="0" maxCyclomaticComplexity="0" minCyclomaticComplexity="0" maxCrapScore="0" minCrapScore="0" visitedClasses="0" numClasses="0" visitedMethods="1" numMethods="1" />
              <MetadataToken>100663703</MetadataToken>
              <Name>FolderAssetTool.FolderColorData FolderAssetTool.FolderColorSettings::GetFolderData(System.String)</Name>
              <FileRef uid="49" />
              <SequencePoints>
                <SequencePoint vc="916" uspid="25004" ordinal="0" offset="0" sl="120" sc="9" el="120" ec="9" bec="0" bev="0" fileid="49" />
                <SequencePoint vc="916" uspid="25005" ordinal="0" offset="1" sl="121" sc="13" el="121" ec="13" bec="0" bev="0" fileid="49" />
                <SequencePoint vc="916" uspid="25006" ordinal="0" offset="2" sl="121" sc="34" el="121" ec="34" bec="0" bev="0" fileid="49" />
                <SequencePoint vc="0" uspid="25007" ordinal="0" offset="16" sl="121" sc="22" el="121" ec="22" bec="0" bev="0" fileid="49" />
                <SequencePoint vc="0" uspid="25008" ordinal="0" offset="24" sl="122" sc="13" el="122" ec="13" bec="0" bev="0" fileid="49" />
                <SequencePoint vc="0" uspid="25009" ordinal="0" offset="25" sl="123" sc="17" el="123" ec="17" bec="0" bev="0" fileid="49" />
                <SequencePoint vc="0" uspid="25010" ordinal="0" offset="41" sl="124" sc="21" el="124" ec="21" bec="0" bev="0" fileid="49" />
                <SequencePoint vc="0" uspid="25011" ordinal="0" offset="45" sl="125" sc="13" el="125" ec="13" bec="0" bev="0" fileid="49" />
                <SequencePoint vc="916" uspid="25012" ordinal="0" offset="46" sl="121" sc="31" el="121" ec="31" bec="0" bev="0" fileid="49" />
                <SequencePoint vc="916" uspid="25013" ordinal="0" offset="72" sl="126" sc="13" el="126" ec="13" bec="0" bev="0" fileid="49" />
                <SequencePoint vc="916" uspid="25014" ordinal="0" offset="76" sl="127" sc="9" el="127" ec="9" bec="0" bev="0" fileid="49" />
              </SequencePoints>
              <BranchPoints />
            </Method>
          </Methods>
        </Class>
        <Class>
          <Summary numSequencePoints="2" visitedSequencePoints="2" numBranchPoints="0" visitedBranchPoints="0" sequenceCoverage="100.0" branchCoverage="0.0" maxCyclomaticComplexity="0" minCyclomaticComplexity="0" maxCrapScore="0" minCrapScore="0" visitedClasses="1" numClasses="1" visitedMethods="1" numMethods="1" />
          <FullName>FenceGenerator.FencePath</FullName>
          <Methods>
            <Method visited="true" cyclomaticComplexity="0" nPathComplexity="0" sequenceCoverage="100.0" branchCoverage="0" crapScore="0" isConstructor="true" isStatic="false" isGetter="false" isSetter="false">
              <Summary numSequencePoints="2" visitedSequencePoints="2" numBranchPoints="0" visitedBranchPoints="0" sequenceCoverage="100.0" branchCoverage="0" maxCyclomaticComplexity="0" minCyclomaticComplexity="0" maxCrapScore="0" minCrapScore="0" visitedClasses="0" numClasses="0" visitedMethods="1" numMethods="1" />
              <MetadataToken>100663726</MetadataToken>
              <Name>FenceGenerator.FencePath::FencePath()</Name>
              <FileRef uid="54" />
              <SequencePoints>
                <SequencePoint vc="14" uspid="25318" ordinal="0" offset="0" sl="13" sc="9" el="13" ec="9" bec="0" bev="0" fileid="54" />
                <SequencePoint vc="14" uspid="25319" ordinal="0" offset="11" sl="19" sc="9" el="19" ec="9" bec="0" bev="0" fileid="54" />
              </SequencePoints>
              <BranchPoints />
            </Method>
          </Methods>
        </Class>
        <Class>
[...]
                <SequencePoint vc="0" uspid="38804" ordinal="0" offset="194" sl="74" sc="5" el="74" ec="5" bec="0" bev="0" fileid="246" />
              </SequencePoints>
              <BranchPoints />
            </Method>
          </Methods>
        </Class>
        <Class>
          <Summary numSequencePoints="30" visitedSequencePoints="22" numBranchPoints="0" visitedBranchPoints="0" sequenceCoverage="73.33" branchCoverage="0.0" maxCyclomaticComplexity="0" minCyclomaticComplexity="0" maxCrapScore="0" minCrapScore="0" visitedClasses="1" numClasses="1" visitedMethods="1" numMethods="1" />
          <FullName>UIAutomationTests/&lt;AutomatedTest_Lobby_OptionsPanel_Navigation&gt;d__1</FullName>
          <Methods>
            <Method visited="true" cyclomaticComplexity="0" nPathComplexity="0" sequenceCoverage="73.33" branchCoverage="0" crapScore="0" isConstructor="false" isStatic="false" isGetter="false" isSetter="false">
              <Summary numSequencePoints="30" visitedSequencePoints="22" numBranchPoints="0" visitedBranchPoints="0" sequenceCoverage="73.33" branchCoverage="0" maxCyclomaticComplexity="0" minCyclomaticComplexity="0" maxCrapScore="0" minCrapScore="0" visitedClasses="0" numClasses="0" visitedMethods="1" numMethods="1" />
              <MetadataToken>100663484</MetadataToken>
              <Name>System.Boolean UIAutomationTests/&lt;AutomatedTest_Lobby_OptionsPanel_Navigation&gt;d__1::MoveNext()</Name>
              <FileRef uid="246" />
              <SequencePoints>
                <SequencePoint vc="1" uspid="38805" ordinal="0" offset="54" sl="21" sc="5" el="21" ec="5" bec="0" bev="0" fileid="246" />
                <SequencePoint vc="1" uspid="38806" ordinal="0" offset="55" sl="22" sc="9" el="22" ec="9" bec="0" bev="0" fileid="246" />
                <SequencePoint vc="1" uspid="38807" ordinal="0" offset="66" sl="23" sc="9" el="23" ec="9" bec="0" bev="0" fileid="246" />
                <SequencePoint vc="1" uspid="38808" ordinal="0" offset="89" sl="25" sc="9" el="25" ec="9" bec="0" bev="0" fileid="246" />
                <SequencePoint vc="1" uspid="38809" ordinal="0" offset="131" sl="26" sc="9" el="26" ec="9" bec="0" bev="0" fileid="246" />
                <SequencePoint vc="1" uspid="38810" ordinal="0" offset="173" sl="28" sc="9" el="28" ec="9" bec="0" bev="0" fileid="246" />
                <SequencePoint vc="1" uspid="38811" ordinal="0" offset="195" sl="29" sc="9" el="29" ec="9" bec="0" bev="0" fileid="246" />
                <SequencePoint vc="1" uspid="38812" ordinal="0" offset="217" sl="31" sc="9" el="31" ec="9" bec="0" bev="0" fileid="246" />
                <SequencePoint vc="1" uspid="38813" ordinal="0" offset="234" sl="32" sc="9" el="32" ec="9" bec="0" bev="0" fileid="246" />
                <SequencePoint vc="1" uspid="38814" ordinal="0" offset="256" sl="34" sc="9" el="34" ec="9" bec="0" bev="0" fileid="246" />
                <SequencePoint vc="1" uspid="38815" ordinal="0" offset="273" sl="36" sc="9" el="36" ec="9" bec="0" bev="0" fileid="246" />
                <SequencePoint vc="0" uspid="38816" ordinal="0" offset="286" sl="38" sc="9" el="38" ec="9" bec="0" bev="0" fileid="246" />
                <SequencePoint vc="0" uspid="38817" ordinal="0" offset="287" sl="39" sc="13" el="39" ec="13" bec="0" bev="0" fileid="246" />
                <SequencePoint vc="0" uspid="38818" ordinal="0" offset="305" sl="40" sc="13" el="40" ec="13" bec="0" bev="0" fileid="246" />
                <SequencePoint vc="0" uspid="38819" ordinal="0" offset="328" sl="41" sc="9" el="41" ec="9" bec="0" bev="0" fileid="246" />
                <SequencePoint vc="1" uspid="38820" ordinal="0" offset="329" sl="37" sc="9" el="37" ec="9" bec="0" bev="0" fileid="246" />
                <SequencePoint vc="1" uspid="38821" ordinal="0" offset="362" sl="43" sc="9" el="43" ec="9" bec="0" bev="0" fileid="246" />
                <SequencePoint vc="1" uspid="38822" ordinal="0" offset="389" sl="45" sc="9" el="45" ec="9" bec="0" bev="0" fileid="246" />
                <SequencePoint vc="1" uspid="38823" ordinal="0" offset="451" sl="46" sc="9" el="46" ec="9" bec="0" bev="0" fileid="246" />
                <SequencePoint vc="1" uspid="38824" ordinal="0" offset="473" sl="48" sc="9" el="48" ec="9" bec="0" bev="0" fileid="246" />
                <SequencePoint vc="1" uspid="38825" ordinal="0" offset="490" sl="49" sc="9" el="49" ec="9" bec="0" bev="0" fileid="246" />
                <SequencePoint vc="1" uspid="38826" ordinal="0" offset="512" sl="51" sc="9" el="51" ec="9" bec="0" bev="0" fileid="246" />
                <SequencePoint vc="1" uspid="38827" ordinal="0" offset="529" sl="53" sc="9" el="53" ec="9" bec="0" bev="0" fileid="246" />
                <SequencePoint vc="0" uspid="38828" ordinal="0" offset="542" sl="55" sc="9" el="55" ec="9" bec="0" bev="0" fileid="246" />
                <SequencePoint vc="0" uspid="38829" ordinal="0" offset="543" sl="56" sc="13" el="56" ec="13" bec="0" bev="0" fileid="246" />
                <SequencePoint vc="0" uspid="38830" ordinal="0" offset="561" sl="57" sc="13" el="57" ec="13" bec="0" bev="0" fileid="246" />
                <SequencePoint vc="0" uspid="38831" ordinal="0" offset="584" sl="58" sc="9" el="58" ec="9" bec="0" bev="0" fileid="246" />
                <SequencePoint vc="1" uspid="38832" ordinal="0" offset="585" sl="54" sc="9" el="54" ec="9" bec="0" bev="0" fileid="246" />
                <SequencePoint vc="1" uspid="38833" ordinal="0" offset="618" sl="60" sc="9" el="60" ec="9" bec="0" bev="0" fileid="246" />
                <SequencePoint vc="1" uspid="38834" ordinal="0" offset="645" sl="61" sc="5" el="61" ec="5" bec="0" bev="0" fileid="246" />
              </SequencePoints>
              <BranchPoints />
            </Method>
          </Methods>
        </Class>
        <Class>
          <Summary numSequencePoints="16" visitedSequencePoints="15" numBranchPoints="0" visitedBranchPoints="0" sequenceCoverage="93.75" branchCoverage="0.0" maxCyclomaticComplexity="0" minCyclomaticComplexity="0" maxCrapScore="0" minCrapScore="0" visitedClasses="1" numClasses="1" visitedMethods="1" numMethods="1" />
          <FullName>UIAutomationTests/&lt;AutomatedTest_LuckyWheel_BackButton_MustBeDisabled_DuringSpin&gt;d__5</FullName>
          <Methods>
            <Method visited="true" cyclomaticComplexity="0" nPathComplexity="0" sequenceCoverage="93.75" branchCoverage="0" crapScore="0" isConstructor="false" isStatic="false" isGetter="false" isSetter="false">
              <Summary numSequencePoints="16" visitedSequencePoints="15" numBranchPoints="0" visitedBranchPoints="0" sequenceCoverage="93.75" branchCoverage="0" maxCyclomaticComplexity="0" minCyclomaticComplexity="0" maxCrapScore="0" minCrapScore="0" visitedClasses="0" numClasses="0" visitedMethods="1" numMethods="1" />
              <MetadataToken>100663490</MetadataToken>
              <Name>System.Boolean UIAutomationTests/&lt;AutomatedTest_LuckyWheel_BackButton_MustBeDisabled_DuringSpin&gt;d__5::MoveNext()</Name>
              <FileRef uid="246" />
              <SequencePoints>
                <SequencePoint vc="1" uspid="38835" ordinal="0" offset="51" sl="125" sc="5" el="125" ec="5" bec="0" bev="0" fileid="246" />
                <SequencePoint vc="1" uspid="38836" ordinal="0" offset="52" sl="126" sc="9" el="126" ec="9" bec="0" bev="0" fileid="246" />
                <SequencePoint vc="1" uspid="38837" ordinal="0" offset="63" sl="127" sc="9" el="127" ec="9" bec="0" bev="0" fileid="246" />
                <SequencePoint vc="1" uspid="38838" ordinal="0" offset="86" sl="128" sc="9" el="128" ec="9" bec="0" bev="0" fileid="246" />
                <SequencePoint vc="1" uspid="38839" ordinal="0" offset="118" sl="130" sc="9" el="130" ec="9" bec="0" bev="0" fileid="246" />
                <SequencePoint vc="1" uspid="38840" ordinal="0" offset="140" sl="131" sc="9" el="131" ec="9" bec="0" bev="0" fileid="246" />
                <SequencePoint vc="1" uspid="38841" ordinal="0" offset="162" sl="133" sc="9" el="133" ec="9" bec="0" bev="0" fileid="246" />
                <SequencePoint vc="1" uspid="38842" ordinal="0" offset="184" sl="134" sc="9" el="134" ec="9" bec="0" bev="0" fileid="246" />
                <SequencePoint vc="1" uspid="38843" ordinal="0" offset="206" sl="136" sc="9" el="136" ec="9" bec="0" bev="0" fileid="246" />
                <SequencePoint vc="1" uspid="38844" ordinal="0" offset="223" sl="137" sc="9" el="137" ec="9" bec="0" bev="0" fileid="246" />
                <SequencePoint vc="1" uspid="38845" ordinal="0" offset="240" sl="139" sc="9" el="139" ec="9" bec="0" bev="0" fileid="246" />
                <SequencePoint vc="1" uspid="38846" ordinal="0" offset="262" sl="140" sc="9" el="140" ec="9" bec="0" bev="0" fileid="246" />
                <SequencePoint vc="1" uspid="38847" ordinal="0" offset="284" sl="142" sc="9" el="142" ec="9" bec="0" bev="0" fileid="246" />
                <SequencePoint vc="1" uspid="38848" ordinal="0" offset="301" sl="143" sc="9" el="143" ec="9" bec="0" bev="0" fileid="246" />
                <SequencePoint vc="1" uspid="38849" ordinal="0" offset="324" sl="145" sc="9" el="145" ec="9" bec="0" bev="0" fileid="246" />
                <SequencePoint vc="0" uspid="38850" ordinal="0" offset="351" sl="147" sc="5" el="147" ec="5" bec="0" bev="0" fileid="246" />
              </SequencePoints>
              <BranchPoints />
            </Method>
          </Methods>
        </Class>
        <Class>
          <Summary numSequencePoints="18" visitedSequencePoints="18" numBranchPoints="0" visitedBranchPoints="0" sequenceCoverage="100.0" branchCoverage="0.0" maxCyclomaticComplexity="0" minCyclomaticComplexity="0" maxCrapScore="0" minCrapScore="0" visitedClasses="1" numClasses="1" visitedMethods="1" numMethods="1" />
          <FullName>UIAutomationTests/&lt;AutomatedTest_SpamClick_SettingButton_FrameByFrame_Stability&gt;d__3</FullName>
          <Methods>
            <Method visited="true" cyclomaticComplexity="0" nPathComplexity="0" sequenceCoverage="100.0" branchCoverage="0" crapScore="0" isConstructor="false" isStatic="false" isGetter="false" isSetter="false">
              <Summary numSequencePoints="18" visitedSequencePoints="18" numBranchPoints="0" visitedBranchPoints="0" sequenceCoverage="100.0" branchCoverage="0" maxCyclomaticComplexity="0" minCyclomaticComplexity="0" maxCrapScore="0" minCrapScore="0" visitedClasses="0" numClasses="0" visitedMethods="1" numMethods="1" />
              <MetadataToken>100663496</MetadataToken>
              <Name>System.Boolean UIAutomationTests/&lt;AutomatedTest_SpamClick_SettingButton_FrameByFrame_Stability&gt;d__3::MoveNext()</Name>
              <FileRef uid="246" />
              <SequencePoints>
                <SequencePoint vc="1" uspid="38851" ordinal="0" offset="54" sl="78" sc="5" el="78" ec="5" bec="0" bev="0" fileid="246" />
                <SequencePoint vc="1" uspid="38852" ordinal="0" offset="55" sl="79" sc="9" el="79" ec="9" bec="0" bev="0" fileid="246" />
                <SequencePoint vc="1" uspid="38853" ordinal="0" offset="62" sl="81" sc="9" el="81" ec="9" bec="0" bev="0" fileid="246" />
                <SequencePoint vc="1" uspid="38854" ordinal="0" offset="73" sl="82" sc="9" el="82" ec="9" bec="0" bev="0" fileid="246" />
                <SequencePoint vc="1" uspid="38855" ordinal="0" offset="96" sl="84" sc="9" el="84" ec="9" bec="0" bev="0" fileid="246" />
                <SequencePoint vc="1" uspid="38856" ordinal="0" offset="118" sl="85" sc="9" el="85" ec="9" bec="0" bev="0" fileid="246" />
                <SequencePoint vc="1" uspid="38857" ordinal="0" offset="140" sl="87" sc="9" el="87" ec="9" bec="0" bev="0" fileid="246" />
                <SequencePoint vc="1" uspid="38858" ordinal="0" offset="157" sl="89" sc="14" el="89" ec="14" bec="0" bev="0" fileid="246" />
                <SequencePoint vc="5" uspid="38859" ordinal="0" offset="166" sl="90" sc="9" el="90" ec="9" bec="0" bev="0" fileid="246" />
                <SequencePoint vc="5" uspid="38860" ordinal="0" offset="167" sl="91" sc="13" el="91" ec="13" bec="0" bev="0" fileid="246" />
                <SequencePoint vc="5" uspid="38861" ordinal="0" offset="184" sl="92" sc="13" el="92" ec="13" bec="0" bev="0" fileid="246" />
                <SequencePoint vc="5" uspid="38862" ordinal="0" offset="207" sl="93" sc="9" el="93" ec="9" bec="0" bev="0" fileid="246" />
                <SequencePoint vc="5" uspid="38863" ordinal="0" offset="208" sl="89" sc="32" el="89" ec="32" bec="0" bev="0" fileid="246" />
                <SequencePoint vc="6" uspid="38864" ordinal="0" offset="224" sl="89" sc="25" el="89" ec="25" bec="0" bev="0" fileid="246" />
                <SequencePoint vc="1" uspid="38865" ordinal="0" offset="237" sl="94" sc="9" el="94" ec="9" bec="0" bev="0" fileid="246" />
                <SequencePoint vc="1" uspid="38866" ordinal="0" offset="269" sl="96" sc="9" el="96" ec="9" bec="0" bev="0" fileid="246" />
                <SequencePoint vc="1" uspid="38867" ordinal="0" offset="311" sl="97" sc="9" el="97" ec="9" bec="0" bev="0" fileid="246" />
                <SequencePoint vc="1" uspid="38868" ordinal="0" offset="333" sl="98" sc="5" el="98" ec="5" bec="0" bev="0" fileid="246" />
              </SequencePoints>
              <BranchPoints />
            </Method>
          </Methods>
        </Class>
      </Classes>
    </Module>
    <Module>
      <Summary numSequencePoints="30" visitedSequencePoints="27" numBranchPoints="0" visitedBranchPoints="0" sequenceCoverage="90.00" branchCoverage="0.0" maxCyclomaticComplexity="0" minCyclomaticComplexity="0" maxCrapScore="0" minCrapScore="0" visitedClasses="1" numClasses="1" visitedMethods="1" numMethods="1" />
      <ModuleTime>0001-01-01T00:00:00</ModuleTime>
      <ModuleName>VoxelLabs.UltimateThumbnails.UIElements</ModuleName>
      <Files>
        <File uid="260" fullPath="C:/Users/ASUS/Documents/Nguyễn Ngọc Tâm/HỌC TẬP/FPT/HỌC KÌ SPRING 2026/BLOCK 2/3D/DỰ ÁN/LastDay/Assets/Voxel Labs/Ultimate Thumbnails/Editor/Scripts/UIElements/ToolbarBottom.cs" />
      </Files>
      <Classes>
        <Class>
          <Summary numSequencePoints="30" visitedSequencePoints="27" numBranchPoints="0" visitedBranchPoints="0" sequenceCoverage="90.00" branchCoverage="0.0" maxCyclomaticComplexity="0" minCyclomaticComplexity="0" maxCrapScore="0" minCrapScore="0" visitedClasses="1" numClasses="1" visitedMethods="1" numMethods="1" />
          <FullName>VoxelLabs.UltimateThumbnails.UIElements.ToolbarBottom</FullName>
          <Methods>
            <Method visited="true" cyclomaticComplexity="0" nPathComplexity="0" sequenceCoverage="90.00" branchCoverage="0" crapScore="0" isConstructor="false" isStatic="true" isGetter="false" isSetter="false">
              <Summary numSequencePoints="30" visitedSequencePoints="27" numBranchPoints="0" visitedBranchPoints="0" sequenceCoverage="90.00" branchCoverage="0" maxCyclomaticComplexity="0" minCyclomaticComplexity="0" maxCrapScore="0" minCrapScore="0" visitedClasses="0" numClasses="0" visitedMethods="1" numMethods="1" />
              <MetadataToken>100663300</MetadataToken>
              <Name>static System.Void VoxelLabs.UltimateThumbnails.UIElements.ToolbarBottom::UpdateToolbar(System.Boolean, System.Boolean, UnityEngine.Color, UnityEngine.Texture2D, UnityEngine.Texture2D, VoxelLabs.UltimateThumbnails.Lib.ToolbarSettings)</Name>
              <FileRef uid="260" />
              <SequencePoints>
                <SequencePoint vc="1" uspid="39580" ordinal="0" offset="0" sl="135" sc="9" el="135" ec="9" bec="0" bev="0" fileid="260" />
                <SequencePoint vc="1" uspid="39581" ordinal="0" offset="1" sl="136" sc="13" el="136" ec="13" bec="0" bev="0" fileid="260" />
                <SequencePoint vc="1" uspid="39582" ordinal="0" offset="2" sl="136" sc="41" el="136" ec="41" bec="0" bev="0" fileid="260" />
                <SequencePoint vc="1" uspid="39583" ordinal="0" offset="18" sl="136" sc="22" el="136" ec="22" bec="0" bev="0" fileid="260" />
                <SequencePoint vc="1" uspid="39584" ordinal="0" offset="26" sl="137" sc="13" el="137" ec="13" bec="0" bev="0" fileid="260" />
                <SequencePoint vc="1" uspid="39585" ordinal="0" offset="27" sl="138" sc="17" el="138" ec="17" bec="0" bev="0" fileid="260" />
                <SequencePoint vc="0" uspid="39586" ordinal="0" offset="37" sl="139" sc="21" el="139" ec="21" bec="0" bev="0" fileid="260" />
                <SequencePoint vc="1" uspid="39587" ordinal="0" offset="42" sl="141" sc="17" el="141" ec="17" bec="0" bev="0" fileid="260" />
                <SequencePoint vc="1" uspid="39588" ordinal="0" offset="54" sl="142" sc="17" el="142" ec="17" bec="0" bev="0" fileid="260" />
                <SequencePoint vc="1" uspid="39589" ordinal="0" offset="66" sl="143" sc="17" el="143" ec="17" bec="0" bev="0" fileid="260" />
                <SequencePoint vc="1" uspid="39590" ordinal="0" offset="79" sl="144" sc="17" el="144" ec="17" bec="0" bev="0" fileid="260" />
                <SequencePoint vc="1" uspid="39591" ordinal="0" offset="92" sl="145" sc="17" el="145" ec="17" bec="0" bev="0" fileid="260" />
                <SequencePoint vc="1" uspid="39592" ordinal="0" offset="105" sl="146" sc="17" el="146" ec="17" bec="0" bev="0" fileid="260" />
                <SequencePoint vc="1" uspid="39593" ordinal="0" offset="118" sl="148" sc="17" el="148" ec="17" bec="0" bev="0" fileid="260" />
                <SequencePoint vc="1" uspid="39594" ordinal="0" offset="148" sl="150" sc="17" el="150" ec="17" bec="0" bev="0" fileid="260" />
                <SequencePoint vc="1" uspid="39595" ordinal="0" offset="156" sl="151" sc="17" el="151" ec="17" bec="0" bev="0" fileid="260" />
                <SequencePoint vc="1" uspid="39596" ordinal="0" offset="165" sl="152" sc="17" el="152" ec="17" bec="0" bev="0" fileid="260" />
                <SequencePoint vc="1" uspid="39597" ordinal="0" offset="174" sl="153" sc="17" el="153" ec="17" bec="0" bev="0" fileid="260" />
                <SequencePoint vc="1" uspid="39598" ordinal="0" offset="190" sl="155" sc="17" el="155" ec="17" bec="0" bev="0" fileid="260" />
                <SequencePoint vc="1" uspid="39599" ordinal="0" offset="220" sl="156" sc="17" el="156" ec="17" bec="0" bev="0" fileid="260" />
                <SequencePoint vc="1" uspid="39600" ordinal="0" offset="245" sl="157" sc="17" el="157" ec="17" bec="0" bev="0" fileid="260" />
                <SequencePoint vc="1" uspid="39601" ordinal="0" offset="275" sl="158" sc="17" el="158" ec="17" bec="0" bev="0" fileid="260" />
                <SequencePoint vc="1" uspid="39602" ordinal="0" offset="286" sl="159" sc="21" el="159" ec="21" bec="0" bev="0" fileid="260" />
                <SequencePoint vc="1" uspid="39603" ordinal="0" offset="311" sl="161" sc="17" el="161" ec="17" bec="0" bev="0" fileid="260" />
                <SequencePoint vc="0" uspid="39604" ordinal="0" offset="327" sl="162" sc="21" el="162" ec="21" bec="0" bev="0" fileid="260" />
                <SequencePoint vc="1" uspid="39605" ordinal="0" offset="346" sl="164" sc="17" el="164" ec="17" bec="0" bev="0" fileid="260" />
                <SequencePoint vc="0" uspid="39606" ordinal="0" offset="362" sl="165" sc="21" el="165" ec="21" bec="0" bev="0" fileid="260" />
                <SequencePoint vc="1" uspid="39607" ordinal="0" offset="381" sl="166" sc="13" el="166" ec="13" bec="0" bev="0" fileid="260" />
                <SequencePoint vc="2" uspid="39608" ordinal="0" offset="382" sl="136" sc="38" el="136" ec="38" bec="0" bev="0" fileid="260" />
                <SequencePoint vc="1" uspid="39609" ordinal="0" offset="411" sl="167" sc="9" el="167" ec="9" bec="0" bev="0" fileid="260" />
              </SequencePoints>
              <BranchPoints />
            </Method>
          </Methods>
        </Class>
      </Classes>
    </Module>
  </Modules>
</CoverageSession>